TN:
SF:client/ui/js/dashboard.js
FN:3,(anonymous_0)
FN:9,getThemeColors
FN:25,formatTimestamp
FN:31,hexToRgba
FN:39,fmtSec
FN:46,initCharts
FN:52,(anonymous_6)
FN:55,(anonymous_7)
FN:79,renderHistogram
FN:84,(anonymous_9)
FN:93,(anonymous_10)
FN:111,updatePercentileCards
FN:122,updateFailureKinds
FN:126,(anonymous_13)
FN:132,(anonymous_14)
FN:147,(anonymous_15)
FN:148,(anonymous_16)
FN:166,updateMetrics
FN:196,updateLineChart
FN:206,updateToolsDisplay
FN:215,(anonymous_20)
FN:216,(anonymous_21)
FN:262,buildMiniHistogram
FN:264,(anonymous_23)
FN:268,(anonymous_24)
FN:283,updateStatus
FN:297,setupResetButton
FN:300,(anonymous_27)
FN:305,(anonymous_28)
FN:312,requestMetrics
FN:317,connectWebSocket
FN:322,(anonymous_31)
FN:329,(anonymous_32)
FN:339,(anonymous_33)
FN:340,(anonymous_34)
FNF:35
FNH:26
FNDA:1,(anonymous_0)
FNDA:1,getThemeColors
FNDA:2,formatTimestamp
FNDA:6,hexToRgba
FNDA:71,fmtSec
FNDA:1,initCharts
FNDA:0,(anonymous_6)
FNDA:0,(anonymous_7)
FNDA:21,renderHistogram
FNDA:73,(anonymous_9)
FNDA:73,(anonymous_10)
FNDA:19,updatePercentileCards
FNDA:14,updateFailureKinds
FNDA:24,(anonymous_13)
FNDA:23,(anonymous_14)
FNDA:11,(anonymous_15)
FNDA:23,(anonymous_16)
FNDA:8,updateMetrics
FNDA:16,updateLineChart
FNDA:8,updateToolsDisplay
FNDA:1,(anonymous_20)
FNDA:2,(anonymous_21)
FNDA:6,buildMiniHistogram
FNDA:15,(anonymous_23)
FNDA:15,(anonymous_24)
FNDA:3,updateStatus
FNDA:1,setupResetButton
FNDA:0,(anonymous_27)
FNDA:0,(anonymous_28)
FNDA:0,requestMetrics
FNDA:1,connectWebSocket
FNDA:0,(anonymous_31)
FNDA:0,(anonymous_32)
FNDA:0,(anonymous_33)
FNDA:0,(anonymous_34)
DA:2,1
DA:3,1
DA:4,1
DA:5,1
DA:10,1
DA:11,1
DA:20,1
DA:21,1
DA:26,2
DA:32,6
DA:33,6
DA:34,6
DA:35,6
DA:36,6
DA:40,71
DA:41,65
DA:47,1
DA:48,1
DA:52,0
DA:55,0
DA:60,1
DA:68,1
DA:80,21
DA:81,21
DA:83,20
DA:84,73
DA:85,20
DA:88,20
DA:90,20
DA:94,73
DA:95,73
DA:96,73
DA:97,73
DA:112,19
DA:113,19
DA:114,19
DA:115,19
DA:116,19
DA:117,19
DA:123,14
DA:124,14
DA:126,24
DA:127,14
DA:128,2
DA:129,2
DA:132,23
DA:133,12
DA:139,12
DA:146,12
DA:147,11
DA:149,23
DA:150,23
DA:151,23
DA:152,23
DA:167,8
DA:170,8
DA:171,8
DA:172,8
DA:173,8
DA:174,8
DA:177,8
DA:178,8
DA:181,8
DA:182,8
DA:185,8
DA:186,8
DA:187,8
DA:190,8
DA:193,8
DA:197,16
DA:198,16
DA:199,16
DA:200,16
DA:201,0
DA:202,0
DA:203,0
DA:207,8
DA:208,8
DA:209,7
DA:210,7
DA:212,1
DA:214,1
DA:215,1
DA:217,2
DA:218,2
DA:220,2
DA:225,2
DA:226,2
DA:228,2
DA:258,2
DA:263,6
DA:264,15
DA:265,6
DA:266,6
DA:268,6
DA:269,15
DA:270,15
DA:271,15
DA:278,6
DA:284,3
DA:285,3
DA:286,3
DA:287,2
DA:288,2
DA:290,1
DA:291,1
DA:298,1
DA:299,1
DA:300,1
DA:301,0
DA:302,0
DA:303,0
DA:304,0
DA:305,0
DA:313,0
DA:314,0
DA:318,1
DA:319,1
DA:320,0
DA:322,1
DA:323,0
DA:324,0
DA:325,0
DA:326,0
DA:329,1
DA:330,0
DA:331,0
DA:332,0
DA:333,0
DA:335,0
DA:339,1
DA:340,1
DA:341,0
DA:342,0
DA:343,0
DA:347,1
DA:348,1
DA:349,1
DA:352,1
DA:353,1
LF:140
LH:115
BRDA:4,0,0,1
BRDA:4,0,1,1
BRDA:12,1,0,1
BRDA:12,1,1,0
BRDA:13,2,0,1
BRDA:13,2,1,0
BRDA:14,3,0,1
BRDA:14,3,1,0
BRDA:15,4,0,1
BRDA:15,4,1,0
BRDA:16,5,0,1
BRDA:16,5,1,0
BRDA:40,6,0,6
BRDA:40,6,1,65
BRDA:40,7,0,71
BRDA:40,7,1,67
BRDA:81,8,0,1
BRDA:81,8,1,20
BRDA:81,9,0,21
BRDA:81,9,1,21
BRDA:83,10,0,20
BRDA:83,10,1,3
BRDA:84,11,0,73
BRDA:84,11,1,49
BRDA:91,12,0,20
BRDA:91,12,1,16
BRDA:91,12,2,4
BRDA:115,13,0,19
BRDA:115,13,1,0
BRDA:116,14,0,19
BRDA:116,14,1,0
BRDA:117,15,0,19
BRDA:117,15,1,0
BRDA:124,16,0,0
BRDA:124,16,1,14
BRDA:126,17,0,14
BRDA:126,17,1,0
BRDA:127,18,0,2
BRDA:127,18,1,12
BRDA:150,19,0,23
BRDA:150,19,1,0
BRDA:151,20,0,23
BRDA:151,20,1,0
BRDA:185,21,0,8
BRDA:185,21,1,0
BRDA:197,22,0,0
BRDA:197,22,1,16
BRDA:197,23,0,16
BRDA:197,23,1,16
BRDA:198,24,0,16
BRDA:198,24,1,0
BRDA:199,25,0,16
BRDA:199,25,1,0
BRDA:200,26,0,16
BRDA:200,26,1,0
BRDA:208,27,0,7
BRDA:208,27,1,1
BRDA:208,28,0,8
BRDA:208,28,1,8
BRDA:220,29,0,1
BRDA:220,29,1,1
BRDA:226,30,0,2
BRDA:226,30,1,0
BRDA:253,31,0,1
BRDA:253,31,1,1
BRDA:263,32,0,6
BRDA:263,32,1,4
BRDA:264,33,0,15
BRDA:264,33,1,8
BRDA:286,34,0,2
BRDA:286,34,1,1
BRDA:299,35,0,0
BRDA:299,35,1,1
BRDA:301,36,0,0
BRDA:301,36,1,0
BRDA:301,37,0,0
BRDA:301,37,1,0
BRDA:313,38,0,0
BRDA:313,38,1,0
BRDA:313,39,0,0
BRDA:313,39,1,0
BRDA:318,40,0,1
BRDA:318,40,1,0
BRDA:325,41,0,0
BRDA:325,41,1,0
BRDA:331,42,0,0
BRDA:331,42,1,0
BRDA:333,43,0,0
BRDA:333,43,1,0
BRDA:342,44,0,0
BRDA:342,44,1,0
BRDA:352,45,0,1
BRDA:352,45,1,0
BRDA:352,46,0,1
BRDA:352,46,1,1
BRF:95
BRH:58
end_of_record
TN:
SF:client/ui/js/index.js
FN:8,discoverThemes
FN:13,(anonymous_1)
FN:16,getThemeSwatches
FN:27,themeIdToLabel
FN:32,buildThemeDropdown
FN:35,(anonymous_5)
FN:50,applyTheme
FN:53,(anonymous_7)
FN:62,(anonymous_8)
FN:65,(anonymous_9)
FN:74,(anonymous_10)
FN:78,toggleThemeDropdown
FN:83,closeThemeDropdown
FN:87,(anonymous_13)
FN:92,(anonymous_14)
FN:102,(anonymous_15)
FN:104,ensureModalDOM
FN:122,openModal
FN:129,closeModal
FN:137,onModalKeydown
FN:144,(anonymous_20)
FN:145,(anonymous_21)
FN:156,(anonymous_22)
FN:161,(anonymous_23)
FN:167,(anonymous_24)
FN:177,(anonymous_25)
FN:178,(anonymous_26)
FN:189,(anonymous_27)
FN:192,(anonymous_28)
FN:244,toggleSessionsSidebar
FN:262,(anonymous_30)
FN:271,(anonymous_31)
FN:275,(anonymous_32)
FN:283,startNewSession
FN:292,loadSessions
FN:296,formatSessionDate
FN:308,renderSessions
FN:334,(anonymous_37)
FN:348,(anonymous_38)
FN:349,(anonymous_39)
FN:365,(anonymous_40)
FN:372,(anonymous_41)
FN:373,(anonymous_42)
FN:382,(anonymous_43)
FN:386,(anonymous_44)
FN:388,(anonymous_45)
FN:392,(anonymous_46)
FN:410,(anonymous_47)
FN:418,(anonymous_48)
FN:422,(anonymous_49)
FN:426,(anonymous_50)
FN:430,(anonymous_51)
FN:436,toggleSelectionMode
FN:444,toggleSelectAll
FN:447,(anonymous_54)
FN:452,bulkDeleteSessions
FN:461,(anonymous_56)
FN:464,(anonymous_57)
FN:485,filterSessions
FN:501,(anonymous_59)
FN:504,(anonymous_60)
FN:511,handleSearchResults
FN:527,showSearchDropdown
FN:540,(anonymous_63)
FN:546,(anonymous_64)
FN:570,hideSearchDropdown
FN:579,makeSnippet
FN:595,escapeAttr
FN:599,escapeRegex
FN:606,goToSearchResult
FN:615,scrollToMessage
FN:616,(anonymous_71)
FN:621,(anonymous_72)
FN:623,(anonymous_73)
FN:626,(anonymous_74)
FN:630,(anonymous_75)
FN:639,toggleSessionMenu
FN:643,startSessionEdit
FN:644,cancelSessionEdit
FN:646,saveSessionRename
FN:652,deleteSession
FN:659,(anonymous_81)
FN:675,pinSession
FN:683,renderNavigator
FN:701,(anonymous_84)
FN:711,(anonymous_85)
FN:714,(anonymous_86)
FN:724,togglePromptNavigator
FN:735,initNavScrollSync
FN:742,setNavHighlight
FN:746,(anonymous_90)
FN:759,getNavIndexForElement
FN:761,(anonymous_92)
FN:769,(anonymous_93)
FN:777,buildObserver
FN:783,(anonymous_95)
FN:784,(anonymous_96)
FN:791,(anonymous_97)
FN:808,(anonymous_98)
FN:814,(anonymous_99)
FN:821,(anonymous_100)
FN:823,(anonymous_101)
FN:827,(anonymous_102)
FN:835,selectSession
FN:844,loadMultiAgentSetting
FN:848,saveMultiAgentSetting
FN:850,updateStatusWithMode
FN:854,stopProcessing
FN:856,resetControlButtons
FN:868,toggleLogPanel
FN:876,connectLogWebSocket
FN:879,(anonymous_111)
FN:880,(anonymous_112)
FN:881,(anonymous_113)
FN:882,(anonymous_114)
FN:885,updateLogStatus
FN:892,addLogEntry
FN:913,addLocalLogEntry
FN:914,clearLogs
FN:915,toggleAutoscroll
FN:919,toggleLogFilter
FN:923,(anonymous_121)
FN:927,escapeHtml
FN:932,toggleSystemMonitor
FN:940,updateProgressBar
FN:948,updateSystemStats
FN:973,showThinking
FN:982,hideThinking
FN:999,connectMainWS
FN:1006,(anonymous_129)
FN:1008,(anonymous_130)
FN:1015,(anonymous_131)
FN:1031,(anonymous_132)
FN:1044,scheduleReconnect
FN:1046,(anonymous_134)
FN:1053,(anonymous_135)
FN:1064,(anonymous_136)
FN:1085,(anonymous_137)
FN:1108,(anonymous_138)
FN:1115,(anonymous_139)
FN:1116,(anonymous_140)
FN:1118,(anonymous_141)
FN:1124,(anonymous_142)
FN:1128,(anonymous_143)
FN:1170,(anonymous_144)
FN:1170,(anonymous_145)
FN:1171,(anonymous_146)
FN:1171,(anonymous_147)
FN:1172,(anonymous_148)
FN:1172,(anonymous_149)
FN:1173,(anonymous_150)
FN:1175,(anonymous_151)
FN:1177,(anonymous_152)
FN:1178,(anonymous_153)
FN:1192,(anonymous_154)
FN:1197,(anonymous_155)
FN:1206,showCopied
FN:1210,(anonymous_157)
FN:1215,(anonymous_158)
FN:1217,(anonymous_159)
FN:1232,(anonymous_160)
FN:1239,fallbackCopy
FN:1264,addMessage
FN:1328,send
FN:1345,(anonymous_164)
FN:1356,toggleToolsPanel
FN:1367,getFavorites
FN:1369,setFavorites
FN:1380,isFavorite
FN:1382,toggleFavorite
FN:1391,addFavorite
FN:1395,removeFavorite
FN:1396,(anonymous_172)
FN:1400,buildToolItem
FN:1419,(anonymous_174)
FN:1421,(anonymous_175)
FN:1434,(anonymous_176)
FN:1460,(anonymous_177)
FN:1468,(anonymous_178)
FN:1487,attachFavDragHandlers
FN:1490,(anonymous_180)
FN:1491,(anonymous_181)
FN:1498,(anonymous_182)
FN:1500,(anonymous_183)
FN:1505,(anonymous_184)
FN:1509,(anonymous_185)
FN:1514,(anonymous_186)
FN:1518,(anonymous_187)
FN:1538,renderToolsPanel
FN:1545,(anonymous_189)
FN:1554,(anonymous_190)
FN:1554,(anonymous_191)
FN:1562,(anonymous_192)
FN:1570,(anonymous_193)
FN:1573,(anonymous_194)
FN:1586,(anonymous_195)
FN:1592,(anonymous_196)
FN:1597,(anonymous_197)
FN:1600,(anonymous_198)
FN:1605,(anonymous_199)
FN:1607,(anonymous_200)
FN:1608,(anonymous_201)
FN:1616,(anonymous_202)
FN:1618,(anonymous_203)
FN:1627,(anonymous_204)
FN:1627,(anonymous_205)
FN:1629,(anonymous_206)
FN:1643,buildToolPrompts
FN:1645,(anonymous_208)
FN:1647,getToolPrompt
FN:1652,(anonymous_210)
FN:1659,(anonymous_211)
FN:1668,(anonymous_212)
FN:1671,(anonymous_213)
FN:1685,(anonymous_214)
FN:1738,isMatrix
FN:1742,resetTimer
FN:1750,speedMultiplier
FN:1757,makeFrameSkip
FN:1769,makeSteps
FN:1776,makeStream
FN:1786,makeSecondStream
FN:1795,dualCooldown
FN:1802,makeBurstNoise
FN:1815,makeBurstJag
FN:1827,startMatrix
FN:1875,initColumns
FN:1877,(anonymous_227)
FN:1886,drawFrame
FN:2185,stopMatrix
FN:2201,(anonymous_230)
FN:2206,(anonymous_231)
FN:2222,(anonymous_232)
FN:2239,(anonymous_233)
FN:2247,syncCursor
FN:2259,(anonymous_235)
FN:2260,(anonymous_236)
FNF:237
FNH:42
FNDA:1,discoverThemes
FNDA:5,(anonymous_1)
FNDA:5,getThemeSwatches
FNDA:13,themeIdToLabel
FNDA:1,buildThemeDropdown
FNDA:5,(anonymous_5)
FNDA:1,applyTheme
FNDA:5,(anonymous_7)
FNDA:0,(anonymous_8)
FNDA:0,(anonymous_9)
FNDA:0,(anonymous_10)
FNDA:0,toggleThemeDropdown
FNDA:1,closeThemeDropdown
FNDA:0,(anonymous_13)
FNDA:1,(anonymous_14)
FNDA:1,(anonymous_15)
FNDA:0,ensureModalDOM
FNDA:0,openModal
FNDA:0,closeModal
FNDA:0,onModalKeydown
FNDA:0,(anonymous_20)
FNDA:0,(anonymous_21)
FNDA:0,(anonymous_22)
FNDA:0,(anonymous_23)
FNDA:0,(anonymous_24)
FNDA:0,(anonymous_25)
FNDA:0,(anonymous_26)
FNDA:0,(anonymous_27)
FNDA:0,(anonymous_28)
FNDA:0,toggleSessionsSidebar
FNDA:0,(anonymous_30)
FNDA:1,(anonymous_31)
FNDA:0,(anonymous_32)
FNDA:0,startNewSession
FNDA:0,loadSessions
FNDA:6,formatSessionDate
FNDA:0,renderSessions
FNDA:0,(anonymous_37)
FNDA:0,(anonymous_38)
FNDA:0,(anonymous_39)
FNDA:0,(anonymous_40)
FNDA:0,(anonymous_41)
FNDA:0,(anonymous_42)
FNDA:0,(anonymous_43)
FNDA:0,(anonymous_44)
FNDA:0,(anonymous_45)
FNDA:0,(anonymous_46)
FNDA:0,(anonymous_47)
FNDA:0,(anonymous_48)
FNDA:0,(anonymous_49)
FNDA:0,(anonymous_50)
FNDA:0,(anonymous_51)
FNDA:0,toggleSelectionMode
FNDA:0,toggleSelectAll
FNDA:0,(anonymous_54)
FNDA:0,bulkDeleteSessions
FNDA:0,(anonymous_56)
FNDA:0,(anonymous_57)
FNDA:0,filterSessions
FNDA:0,(anonymous_59)
FNDA:0,(anonymous_60)
FNDA:0,handleSearchResults
FNDA:0,showSearchDropdown
FNDA:0,(anonymous_63)
FNDA:0,(anonymous_64)
FNDA:0,hideSearchDropdown
FNDA:0,makeSnippet
FNDA:5,escapeAttr
FNDA:0,escapeRegex
FNDA:0,goToSearchResult
FNDA:0,scrollToMessage
FNDA:0,(anonymous_71)
FNDA:0,(anonymous_72)
FNDA:0,(anonymous_73)
FNDA:0,(anonymous_74)
FNDA:0,(anonymous_75)
FNDA:0,toggleSessionMenu
FNDA:0,startSessionEdit
FNDA:0,cancelSessionEdit
FNDA:0,saveSessionRename
FNDA:0,deleteSession
FNDA:0,(anonymous_81)
FNDA:0,pinSession
FNDA:2,renderNavigator
FNDA:3,(anonymous_84)
FNDA:0,(anonymous_85)
FNDA:0,(anonymous_86)
FNDA:0,togglePromptNavigator
FNDA:1,initNavScrollSync
FNDA:0,setNavHighlight
FNDA:0,(anonymous_90)
FNDA:0,getNavIndexForElement
FNDA:0,(anonymous_92)
FNDA:0,(anonymous_93)
FNDA:1,buildObserver
FNDA:0,(anonymous_95)
FNDA:0,(anonymous_96)
FNDA:0,(anonymous_97)
FNDA:0,(anonymous_98)
FNDA:0,(anonymous_99)
FNDA:0,(anonymous_100)
FNDA:0,(anonymous_101)
FNDA:0,(anonymous_102)
FNDA:0,selectSession
FNDA:4,loadMultiAgentSetting
FNDA:0,saveMultiAgentSetting
FNDA:0,updateStatusWithMode
FNDA:0,stopProcessing
FNDA:0,resetControlButtons
FNDA:0,toggleLogPanel
FNDA:0,connectLogWebSocket
FNDA:0,(anonymous_111)
FNDA:0,(anonymous_112)
FNDA:0,(anonymous_113)
FNDA:0,(anonymous_114)
FNDA:0,updateLogStatus
FNDA:0,addLogEntry
FNDA:0,addLocalLogEntry
FNDA:0,clearLogs
FNDA:0,toggleAutoscroll
FNDA:3,toggleLogFilter
FNDA:0,(anonymous_121)
FNDA:0,escapeHtml
FNDA:0,toggleSystemMonitor
FNDA:4,updateProgressBar
FNDA:0,updateSystemStats
FNDA:0,showThinking
FNDA:0,hideThinking
FNDA:1,connectMainWS
FNDA:0,(anonymous_129)
FNDA:0,(anonymous_130)
FNDA:0,(anonymous_131)
FNDA:0,(anonymous_132)
FNDA:0,scheduleReconnect
FNDA:0,(anonymous_134)
FNDA:0,(anonymous_135)
FNDA:0,(anonymous_136)
FNDA:0,(anonymous_137)
FNDA:0,(anonymous_138)
FNDA:0,(anonymous_139)
FNDA:0,(anonymous_140)
FNDA:0,(anonymous_141)
FNDA:0,(anonymous_142)
FNDA:0,(anonymous_143)
FNDA:0,(anonymous_144)
FNDA:0,(anonymous_145)
FNDA:0,(anonymous_146)
FNDA:0,(anonymous_147)
FNDA:0,(anonymous_148)
FNDA:0,(anonymous_149)
FNDA:0,(anonymous_150)
FNDA:0,(anonymous_151)
FNDA:0,(anonymous_152)
FNDA:0,(anonymous_153)
FNDA:0,(anonymous_154)
FNDA:0,(anonymous_155)
FNDA:0,showCopied
FNDA:0,(anonymous_157)
FNDA:0,(anonymous_158)
FNDA:0,(anonymous_159)
FNDA:0,(anonymous_160)
FNDA:0,fallbackCopy
FNDA:9,addMessage
FNDA:0,send
FNDA:0,(anonymous_164)
FNDA:0,toggleToolsPanel
FNDA:1,getFavorites
FNDA:15,setFavorites
FNDA:3,isFavorite
FNDA:3,toggleFavorite
FNDA:4,addFavorite
FNDA:2,removeFavorite
FNDA:1,(anonymous_172)
FNDA:0,buildToolItem
FNDA:0,(anonymous_174)
FNDA:0,(anonymous_175)
FNDA:0,(anonymous_176)
FNDA:0,(anonymous_177)
FNDA:0,(anonymous_178)
FNDA:0,attachFavDragHandlers
FNDA:0,(anonymous_180)
FNDA:0,(anonymous_181)
FNDA:0,(anonymous_182)
FNDA:0,(anonymous_183)
FNDA:0,(anonymous_184)
FNDA:0,(anonymous_185)
FNDA:0,(anonymous_186)
FNDA:0,(anonymous_187)
FNDA:0,renderToolsPanel
FNDA:0,(anonymous_189)
FNDA:0,(anonymous_190)
FNDA:0,(anonymous_191)
FNDA:0,(anonymous_192)
FNDA:0,(anonymous_193)
FNDA:0,(anonymous_194)
FNDA:0,(anonymous_195)
FNDA:0,(anonymous_196)
FNDA:0,(anonymous_197)
FNDA:0,(anonymous_198)
FNDA:0,(anonymous_199)
FNDA:0,(anonymous_200)
FNDA:0,(anonymous_201)
FNDA:0,(anonymous_202)
FNDA:0,(anonymous_203)
FNDA:0,(anonymous_204)
FNDA:0,(anonymous_205)
FNDA:0,(anonymous_206)
FNDA:4,buildToolPrompts
FNDA:2,(anonymous_208)
FNDA:4,getToolPrompt
FNDA:2,(anonymous_210)
FNDA:0,(anonymous_211)
FNDA:1,(anonymous_212)
FNDA:0,(anonymous_213)
FNDA:1,(anonymous_214)
FNDA:1,isMatrix
FNDA:1,resetTimer
FNDA:1,speedMultiplier
FNDA:0,makeFrameSkip
FNDA:0,makeSteps
FNDA:0,makeStream
FNDA:0,makeSecondStream
FNDA:0,dualCooldown
FNDA:0,makeBurstNoise
FNDA:0,makeBurstJag
FNDA:0,startMatrix
FNDA:0,initColumns
FNDA:0,(anonymous_227)
FNDA:0,drawFrame
FNDA:0,stopMatrix
FNDA:0,(anonymous_230)
FNDA:0,(anonymous_231)
FNDA:5,(anonymous_232)
FNDA:1,(anonymous_233)
FNDA:1,syncCursor
FNDA:0,(anonymous_235)
FNDA:0,(anonymous_236)
DA:4,1
DA:9,1
DA:13,5
DA:17,5
DA:18,5
DA:19,5
DA:20,5
DA:21,5
DA:22,5
DA:23,5
DA:24,5
DA:28,13
DA:29,13
DA:33,1
DA:34,1
DA:35,1
DA:36,5
DA:37,5
DA:51,1
DA:52,1
DA:53,1
DA:54,5
DA:56,1
DA:57,1
DA:58,1
DA:61,1
DA:62,1
DA:63,0
DA:65,1
DA:66,0
DA:69,1
DA:70,0
DA:71,0
DA:72,0
DA:73,0
DA:74,0
DA:79,0
DA:80,0
DA:84,1
DA:87,1
DA:88,0
DA:92,1
DA:93,1
DA:94,1
DA:95,1
DA:96,1
DA:102,1
DA:105,0
DA:106,0
DA:107,0
DA:118,0
DA:119,0
DA:123,0
DA:124,0
DA:125,0
DA:126,0
DA:130,0
DA:131,0
DA:132,0
DA:133,0
DA:134,0
DA:138,0
DA:144,1
DA:145,0
DA:146,0
DA:147,0
DA:148,0
DA:150,0
DA:151,0
DA:153,0
DA:154,0
DA:155,0
DA:156,0
DA:158,0
DA:159,0
DA:160,0
DA:161,0
DA:163,0
DA:164,0
DA:167,0
DA:169,0
DA:170,0
DA:177,1
DA:178,0
DA:179,0
DA:180,0
DA:181,0
DA:183,0
DA:184,0
DA:186,0
DA:187,0
DA:188,0
DA:189,0
DA:191,0
DA:192,0
DA:194,0
DA:195,0
DA:202,1
DA:203,1
DA:205,1
DA:206,1
DA:207,1
DA:208,1
DA:209,1
DA:210,1
DA:212,1
DA:213,1
DA:215,1
DA:216,1
DA:217,1
DA:218,1
DA:219,1
DA:220,1
DA:221,1
DA:222,1
DA:223,1
DA:224,1
DA:225,1
DA:226,1
DA:228,1
DA:229,1
DA:230,1
DA:231,1
DA:232,1
DA:233,1
DA:238,1
DA:239,1
DA:245,0
DA:246,0
DA:247,0
DA:248,0
DA:249,0
DA:250,0
DA:251,0
DA:253,0
DA:254,0
DA:255,0
DA:256,0
DA:257,0
DA:258,0
DA:262,1
DA:263,0
DA:264,0
DA:265,0
DA:266,0
DA:271,1
DA:272,1
DA:273,1
DA:274,1
DA:275,1
DA:276,0
DA:277,0
DA:278,0
DA:279,0
DA:284,0
DA:285,0
DA:286,0
DA:287,0
DA:288,0
DA:289,0
DA:293,0
DA:297,6
DA:298,3
DA:299,3
DA:300,3
DA:301,3
DA:302,3
DA:303,3
DA:304,2
DA:305,1
DA:309,0
DA:310,0
DA:313,0
DA:314,0
DA:317,0
DA:318,0
DA:320,0
DA:321,0
DA:322,0
DA:323,0
DA:324,0
DA:325,0
DA:326,0
DA:328,0
DA:329,0
DA:330,0
DA:334,0
DA:335,0
DA:336,0
DA:337,0
DA:338,0
DA:339,0
DA:341,0
DA:342,0
DA:343,0
DA:345,0
DA:346,0
DA:347,0
DA:348,0
DA:349,0
DA:350,0
DA:351,0
DA:352,0
DA:353,0
DA:356,0
DA:357,0
DA:358,0
DA:359,0
DA:360,0
DA:361,0
DA:362,0
DA:364,0
DA:365,0
DA:367,0
DA:368,0
DA:369,0
DA:370,0
DA:371,0
DA:372,0
DA:373,0
DA:374,0
DA:375,0
DA:376,0
DA:377,0
DA:378,0
DA:379,0
DA:380,0
DA:382,0
DA:384,0
DA:385,0
DA:386,0
DA:387,0
DA:388,0
DA:390,0
DA:391,0
DA:392,0
DA:394,0
DA:395,0
DA:396,0
DA:397,0
DA:398,0
DA:399,0
DA:400,0
DA:401,0
DA:403,0
DA:404,0
DA:405,0
DA:406,0
DA:408,0
DA:409,0
DA:410,0
DA:411,0
DA:413,0
DA:414,0
DA:416,0
DA:417,0
DA:418,0
DA:420,0
DA:421,0
DA:422,0
DA:424,0
DA:425,0
DA:426,0
DA:428,0
DA:429,0
DA:430,0
DA:432,0
DA:437,0
DA:438,0
DA:439,0
DA:440,0
DA:441,0
DA:445,0
DA:446,0
DA:447,0
DA:448,0
DA:449,0
DA:453,0
DA:454,0
DA:455,0
DA:462,0
DA:463,0
DA:464,0
DA:465,0
DA:466,0
DA:468,0
DA:469,0
DA:470,0
DA:471,0
DA:472,0
DA:473,0
DA:474,0
DA:475,0
DA:476,0
DA:482,1
DA:483,1
DA:486,0
DA:487,0
DA:490,0
DA:493,0
DA:494,0
DA:495,0
DA:496,0
DA:500,0
DA:501,0
DA:504,0
DA:505,0
DA:506,0
DA:512,0
DA:513,0
DA:514,0
DA:517,0
DA:519,0
DA:520,0
DA:521,0
DA:524,0
DA:528,0
DA:529,0
DA:530,0
DA:531,0
DA:532,0
DA:534,0
DA:535,0
DA:539,0
DA:540,0
DA:541,0
DA:542,0
DA:543,0
DA:546,0
DA:547,0
DA:548,0
DA:549,0
DA:550,0
DA:563,0
DA:564,0
DA:566,0
DA:567,0
DA:571,0
DA:572,0
DA:574,0
DA:575,0
DA:576,0
DA:580,0
DA:582,0
DA:583,0
DA:585,0
DA:586,0
DA:587,0
DA:590,0
DA:591,0
DA:592,0
DA:596,5
DA:600,0
DA:604,1
DA:607,0
DA:608,0
DA:609,0
DA:611,0
DA:612,0
DA:616,0
DA:617,0
DA:618,0
DA:619,0
DA:620,0
DA:621,0
DA:622,0
DA:623,0
DA:626,0
DA:630,1
DA:631,0
DA:632,0
DA:633,0
DA:634,0
DA:635,0
DA:640,0
DA:641,0
DA:643,0
DA:644,0
DA:647,0
DA:648,0
DA:649,0
DA:653,0
DA:660,0
DA:661,0
DA:662,0
DA:663,0
DA:664,0
DA:665,0
DA:666,0
DA:667,0
DA:668,0
DA:669,0
DA:670,0
DA:676,0
DA:677,0
DA:684,2
DA:685,2
DA:686,2
DA:687,2
DA:688,2
DA:690,2
DA:691,0
DA:692,0
DA:695,2
DA:696,2
DA:697,2
DA:698,2
DA:700,2
DA:701,2
DA:702,3
DA:703,3
DA:704,3
DA:706,3
DA:707,3
DA:708,3
DA:710,3
DA:711,3
DA:712,0
DA:713,0
DA:714,0
DA:716,3
DA:720,2
DA:721,2
DA:725,0
DA:726,0
DA:735,1
DA:736,1
DA:737,1
DA:739,1
DA:740,1
DA:743,0
DA:744,0
DA:745,0
DA:746,0
DA:747,0
DA:749,0
DA:750,0
DA:751,0
DA:752,0
DA:753,0
DA:755,0
DA:761,0
DA:762,0
DA:765,0
DA:766,0
DA:767,0
DA:768,0
DA:769,0
DA:770,0
DA:771,0
DA:774,0
DA:778,1
DA:781,1
DA:783,1
DA:784,0
DA:785,0
DA:789,0
DA:790,0
DA:791,0
DA:792,0
DA:793,0
DA:794,0
DA:795,0
DA:796,0
DA:801,0
DA:808,1
DA:813,1
DA:814,1
DA:815,0
DA:817,0
DA:821,1
DA:822,0
DA:823,0
DA:827,1
DA:828,0
DA:830,1
DA:832,1
DA:836,0
DA:837,0
DA:838,0
DA:845,4
DA:846,4
DA:848,0
DA:851,0
DA:857,0
DA:858,0
DA:859,0
DA:860,0
DA:861,0
DA:862,0
DA:869,0
DA:870,0
DA:871,0
DA:872,0
DA:873,0
DA:877,0
DA:878,0
DA:879,0
DA:880,0
DA:881,0
DA:882,0
DA:886,0
DA:887,0
DA:888,0
DA:889,0
DA:893,0
DA:894,0
DA:895,0
DA:896,0
DA:897,0
DA:899,0
DA:900,0
DA:901,0
DA:902,0
DA:904,0
DA:908,0
DA:909,0
DA:910,0
DA:913,0
DA:914,0
DA:916,0
DA:917,0
DA:920,3
DA:921,3
DA:922,1
DA:923,3
DA:924,0
DA:927,0
DA:933,0
DA:934,0
DA:935,0
DA:936,0
DA:937,0
DA:941,4
DA:942,4
DA:943,4
DA:944,4
DA:945,3
DA:949,0
DA:950,0
DA:951,0
DA:952,0
DA:953,0
DA:955,0
DA:956,0
DA:957,0
DA:958,0
DA:959,0
DA:960,0
DA:962,0
DA:963,0
DA:964,0
DA:965,0
DA:966,0
DA:974,0
DA:975,0
DA:976,0
DA:977,0
DA:978,0
DA:979,0
DA:980,0
DA:983,0
DA:984,0
DA:985,0
DA:992,1
DA:993,1
DA:995,1
DA:996,1
DA:997,1
DA:1000,1
DA:1001,1
DA:1003,1
DA:1004,0
DA:1006,1
DA:1008,1
DA:1009,0
DA:1010,0
DA:1011,0
DA:1012,0
DA:1015,1
DA:1016,0
DA:1017,0
DA:1018,0
DA:1019,0
DA:1020,0
DA:1021,0
DA:1022,0
DA:1023,0
DA:1024,0
DA:1025,0
DA:1026,0
DA:1027,0
DA:1028,0
DA:1029,0
DA:1030,0
DA:1031,0
DA:1035,0
DA:1036,0
DA:1038,0
DA:1045,0
DA:1046,0
DA:1047,0
DA:1048,0
DA:1050,0
DA:1053,1
DA:1054,0
DA:1055,0
DA:1056,0
DA:1057,0
DA:1062,1
DA:1064,1
DA:1065,0
DA:1066,0
DA:1067,0
DA:1068,0
DA:1069,0
DA:1070,0
DA:1072,0
DA:1074,0
DA:1075,0
DA:1076,0
DA:1077,0
DA:1079,0
DA:1080,0
DA:1081,0
DA:1082,0
DA:1083,0
DA:1084,0
DA:1085,0
DA:1086,0
DA:1089,0
DA:1090,0
DA:1091,0
DA:1092,0
DA:1095,0
DA:1097,0
DA:1098,0
DA:1099,0
DA:1100,0
DA:1102,0
DA:1104,0
DA:1105,0
DA:1106,0
DA:1107,0
DA:1108,0
DA:1109,0
DA:1110,0
DA:1111,0
DA:1112,0
DA:1113,0
DA:1115,0
DA:1116,0
DA:1117,0
DA:1118,0
DA:1119,0
DA:1120,0
DA:1121,0
DA:1123,0
DA:1124,0
DA:1125,0
DA:1126,0
DA:1128,0
DA:1129,0
DA:1130,0
DA:1132,0
DA:1134,0
DA:1137,0
DA:1138,0
DA:1139,0
DA:1140,0
DA:1141,0
DA:1143,0
DA:1146,0
DA:1147,0
DA:1148,0
DA:1150,0
DA:1151,0
DA:1152,0
DA:1153,0
DA:1154,0
DA:1155,0
DA:1158,0
DA:1159,0
DA:1160,0
DA:1161,0
DA:1162,0
DA:1165,0
DA:1167,0
DA:1168,0
DA:1169,0
DA:1170,0
DA:1171,0
DA:1172,0
DA:1173,0
DA:1174,0
DA:1175,0
DA:1176,0
DA:1177,0
DA:1178,0
DA:1181,0
DA:1182,0
DA:1183,0
DA:1184,0
DA:1186,0
DA:1188,0
DA:1192,1
DA:1193,0
DA:1194,0
DA:1197,1
DA:1198,0
DA:1199,0
DA:1201,0
DA:1202,0
DA:1204,0
DA:1207,0
DA:1208,0
DA:1210,0
DA:1211,0
DA:1212,0
DA:1215,0
DA:1216,0
DA:1217,0
DA:1218,0
DA:1223,0
DA:1229,0
DA:1230,0
DA:1232,0
DA:1235,0
DA:1240,0
DA:1241,0
DA:1244,0
DA:1245,0
DA:1247,0
DA:1248,0
DA:1249,0
DA:1251,0
DA:1252,0
DA:1253,0
DA:1255,0
DA:1258,0
DA:1265,9
DA:1266,9
DA:1267,8
DA:1268,7
DA:1269,7
DA:1270,7
DA:1271,7
DA:1272,7
DA:1273,2
DA:1275,5
DA:1276,5
DA:1277,1
DA:1278,1
DA:1279,1
DA:1280,1
DA:1281,1
DA:1283,5
DA:1284,4
DA:1285,4
DA:1286,4
DA:1289,7
DA:1290,5
DA:1291,5
DA:1292,5
DA:1293,5
DA:1294,5
DA:1295,5
DA:1297,5
DA:1298,5
DA:1299,5
DA:1300,5
DA:1301,5
DA:1302,5
DA:1304,5
DA:1305,2
DA:1306,2
DA:1307,2
DA:1308,2
DA:1309,2
DA:1312,5
DA:1313,5
DA:1315,2
DA:1316,2
DA:1317,2
DA:1318,2
DA:1322,7
DA:1329,0
DA:1330,0
DA:1331,0
DA:1332,0
DA:1333,0
DA:1335,0
DA:1336,0
DA:1337,0
DA:1339,0
DA:1340,0
DA:1341,0
DA:1344,0
DA:1345,0
DA:1346,0
DA:1347,0
DA:1348,0
DA:1354,1
DA:1357,0
DA:1358,0
DA:1359,0
DA:1360,0
DA:1361,0
DA:1365,1
DA:1367,1
DA:1370,15
DA:1371,15
DA:1372,15
DA:1380,3
DA:1383,3
DA:1384,3
DA:1385,3
DA:1386,1
DA:1387,3
DA:1388,3
DA:1392,4
DA:1396,2
DA:1401,0
DA:1402,0
DA:1403,0
DA:1404,0
DA:1405,0
DA:1406,0
DA:1409,0
DA:1410,0
DA:1411,0
DA:1412,0
DA:1413,0
DA:1414,0
DA:1415,0
DA:1417,0
DA:1419,0
DA:1421,0
DA:1425,0
DA:1432,0
DA:1433,0
DA:1435,0
DA:1436,0
DA:1440,0
DA:1443,0
DA:1445,0
DA:1446,0
DA:1447,0
DA:1459,0
DA:1460,0
DA:1461,0
DA:1462,0
DA:1463,0
DA:1464,0
DA:1465,0
DA:1468,0
DA:1469,0
DA:1470,0
DA:1471,0
DA:1472,0
DA:1473,0
DA:1474,0
DA:1475,0
DA:1477,0
DA:1479,0
DA:1482,0
DA:1485,1
DA:1488,0
DA:1490,0
DA:1491,0
DA:1492,0
DA:1493,0
DA:1494,0
DA:1495,0
DA:1498,0
DA:1499,0
DA:1500,0
DA:1501,0
DA:1505,0
DA:1506,0
DA:1507,0
DA:1508,0
DA:1509,0
DA:1510,0
DA:1514,0
DA:1515,0
DA:1518,0
DA:1519,0
DA:1520,0
DA:1522,0
DA:1523,0
DA:1525,0
DA:1526,0
DA:1527,0
DA:1528,0
DA:1530,0
DA:1531,0
DA:1532,0
DA:1533,0
DA:1539,0
DA:1540,0
DA:1541,0
DA:1544,0
DA:1545,0
DA:1546,0
DA:1547,0
DA:1550,0
DA:1553,0
DA:1554,0
DA:1556,0
DA:1557,0
DA:1559,0
DA:1560,0
DA:1561,0
DA:1562,0
DA:1564,0
DA:1565,0
DA:1567,0
DA:1568,0
DA:1570,0
DA:1571,0
DA:1573,0
DA:1576,0
DA:1579,0
DA:1580,0
DA:1581,0
DA:1582,0
DA:1585,0
DA:1586,0
DA:1587,0
DA:1588,0
DA:1589,0
DA:1592,0
DA:1593,0
DA:1594,0
DA:1595,0
DA:1597,0
DA:1598,0
DA:1599,0
DA:1600,0
DA:1601,0
DA:1602,0
DA:1603,0
DA:1604,0
DA:1605,0
DA:1606,0
DA:1607,0
DA:1608,0
DA:1609,0
DA:1610,0
DA:1612,0
DA:1614,0
DA:1615,0
DA:1616,0
DA:1617,0
DA:1618,0
DA:1619,0
DA:1621,0
DA:1624,0
DA:1625,0
DA:1627,0
DA:1628,0
DA:1629,0
DA:1633,0
DA:1634,0
DA:1636,0
DA:1637,0
DA:1638,0
DA:1642,1
DA:1644,4
DA:1645,4
DA:1649,4
DA:1651,3
DA:1652,2
DA:1653,1
DA:1655,2
DA:1658,1
DA:1659,1
DA:1660,1
DA:1661,1
DA:1662,1
DA:1668,1
DA:1669,1
DA:1670,1
DA:1671,1
DA:1672,0
DA:1673,0
DA:1674,0
DA:1677,1
DA:1685,1
DA:1687,1
DA:1688,1
DA:1689,1
DA:1690,1
DA:1691,1
DA:1692,1
DA:1693,1
DA:1696,1
DA:1699,1
DA:1707,1
DA:1708,1
DA:1711,1
DA:1712,1
DA:1713,1
DA:1715,1
DA:1716,1
DA:1717,1
DA:1718,1
DA:1719,1
DA:1721,1
DA:1722,1
DA:1723,1
DA:1724,1
DA:1727,1
DA:1728,1
DA:1729,1
DA:1730,1
DA:1731,1
DA:1732,1
DA:1733,1
DA:1734,1
DA:1735,1
DA:1736,1
DA:1739,1
DA:1743,1
DA:1744,1
DA:1745,1
DA:1746,0
DA:1751,1
DA:1752,1
DA:1753,1
DA:1758,0
DA:1759,0
DA:1760,0
DA:1761,0
DA:1762,0
DA:1763,0
DA:1764,0
DA:1766,0
DA:1770,0
DA:1771,0
DA:1772,0
DA:1773,0
DA:1777,0
DA:1778,0
DA:1787,0
DA:1796,0
DA:1797,0
DA:1798,0
DA:1799,0
DA:1803,0
DA:1804,0
DA:1805,0
DA:1806,0
DA:1807,0
DA:1808,0
DA:1812,0
DA:1816,0
DA:1817,0
DA:1818,0
DA:1819,0
DA:1820,0
DA:1821,0
DA:1823,0
DA:1825,1
DA:1828,0
DA:1829,0
DA:1830,0
DA:1832,0
DA:1834,0
DA:1835,0
DA:1836,0
DA:1838,0
DA:1848,0
DA:1849,0
DA:1851,0
DA:1852,0
DA:1855,0
DA:1856,0
DA:1858,0
DA:1859,0
DA:1862,0
DA:1863,0
DA:1864,0
DA:1865,0
DA:1867,0
DA:1869,0
DA:1871,0
DA:1872,0
DA:1876,0
DA:1877,0
DA:1887,0
DA:1888,0
DA:1890,0
DA:1891,0
DA:1892,0
DA:1894,0
DA:1895,0
DA:1898,0
DA:1899,0
DA:1900,0
DA:1901,0
DA:1902,0
DA:1904,0
DA:1905,0
DA:1906,0
DA:1907,0
DA:1908,0
DA:1910,0
DA:1911,0
DA:1914,0
DA:1915,0
DA:1916,0
DA:1917,0
DA:1918,0
DA:1919,0
DA:1920,0
DA:1921,0
DA:1922,0
DA:1923,0
DA:1924,0
DA:1925,0
DA:1926,0
DA:1928,0
DA:1929,0
DA:1931,0
DA:1934,0
DA:1935,0
DA:1936,0
DA:1938,0
DA:1939,0
DA:1943,0
DA:1944,0
DA:1945,0
DA:1950,0
DA:1951,0
DA:1954,0
DA:1955,0
DA:1956,0
DA:1957,0
DA:1960,0
DA:1961,0
DA:1962,0
DA:1963,0
DA:1964,0
DA:1965,0
DA:1966,0
DA:1967,0
DA:1968,0
DA:1969,0
DA:1971,0
DA:1972,0
DA:1973,0
DA:1974,0
DA:1975,0
DA:1976,0
DA:1982,0
DA:1983,0
DA:1984,0
DA:1987,0
DA:1988,0
DA:1989,0
DA:1990,0
DA:1991,0
DA:1992,0
DA:1993,0
DA:1994,0
DA:1998,0
DA:1999,0
DA:2002,0
DA:2004,0
DA:2005,0
DA:2006,0
DA:2007,0
DA:2009,0
DA:2014,0
DA:2015,0
DA:2016,0
DA:2017,0
DA:2018,0
DA:2020,0
DA:2021,0
DA:2022,0
DA:2023,0
DA:2024,0
DA:2027,0
DA:2028,0
DA:2029,0
DA:2031,0
DA:2033,0
DA:2034,0
DA:2035,0
DA:2036,0
DA:2037,0
DA:2039,0
DA:2040,0
DA:2042,0
DA:2043,0
DA:2044,0
DA:2045,0
DA:2051,0
DA:2052,0
DA:2053,0
DA:2054,0
DA:2055,0
DA:2056,0
DA:2061,0
DA:2062,0
DA:2064,0
DA:2072,0
DA:2073,0
DA:2074,0
DA:2077,0
DA:2078,0
DA:2081,0
DA:2084,0
DA:2085,0
DA:2086,0
DA:2087,0
DA:2088,0
DA:2093,0
DA:2094,0
DA:2095,0
DA:2098,0
DA:2099,0
DA:2100,0
DA:2101,0
DA:2102,0
DA:2103,0
DA:2104,0
DA:2105,0
DA:2109,0
DA:2110,0
DA:2111,0
DA:2112,0
DA:2114,0
DA:2115,0
DA:2116,0
DA:2119,0
DA:2120,0
DA:2121,0
DA:2122,0
DA:2123,0
DA:2124,0
DA:2125,0
DA:2126,0
DA:2127,0
DA:2131,0
DA:2132,0
DA:2133,0
DA:2136,0
DA:2137,0
DA:2139,0
DA:2140,0
DA:2141,0
DA:2142,0
DA:2143,0
DA:2144,0
DA:2145,0
DA:2146,0
DA:2147,0
DA:2148,0
DA:2150,0
DA:2151,0
DA:2152,0
DA:2153,0
DA:2154,0
DA:2155,0
DA:2157,0
DA:2159,0
DA:2160,0
DA:2161,0
DA:2162,0
DA:2163,0
DA:2164,0
DA:2165,0
DA:2166,0
DA:2167,0
DA:2169,0
DA:2171,0
DA:2177,0
DA:2178,0
DA:2179,0
DA:2182,0
DA:2186,0
DA:2187,0
DA:2188,0
DA:2189,0
DA:2190,0
DA:2191,0
DA:2192,0
DA:2193,0
DA:2194,0
DA:2195,0
DA:2196,0
DA:2197,0
DA:2198,0
DA:2201,1
DA:2202,0
DA:2203,0
DA:2206,1
DA:2207,0
DA:2208,0
DA:2209,0
DA:2210,0
DA:2211,0
DA:2212,0
DA:2213,0
DA:2214,0
DA:2215,0
DA:2216,0
DA:2217,0
DA:2218,0
DA:2219,0
DA:2222,1
DA:2223,5
DA:2226,1
DA:2227,1
DA:2229,1
DA:2230,0
DA:2232,1
DA:2239,1
DA:2240,1
DA:2241,1
DA:2242,1
DA:2243,1
DA:2245,1
DA:2248,1
DA:2249,1
DA:2250,1
DA:2251,1
DA:2254,1
DA:2255,1
DA:2256,1
DA:2257,1
DA:2258,1
DA:2259,1
DA:2260,1
DA:2262,1
DA:2266,1
DA:2267,1
LF:1341
LH:304
BRDA:13,0,0,1
BRDA:13,0,1,0
BRDA:23,1,0,5
BRDA:23,1,1,0
BRDA:29,2,0,13
BRDA:29,2,1,6
BRDA:57,3,0,1
BRDA:57,3,1,0
BRDA:63,4,0,0
BRDA:63,4,1,0
BRDA:66,5,0,0
BRDA:66,5,1,0
BRDA:69,6,0,0
BRDA:69,6,1,1
BRDA:88,7,0,0
BRDA:88,7,1,0
BRDA:93,8,0,1
BRDA:93,8,1,1
BRDA:105,9,0,0
BRDA:105,9,1,0
BRDA:132,10,0,0
BRDA:132,10,1,0
BRDA:133,11,0,0
BRDA:133,11,1,0
BRDA:138,12,0,0
BRDA:138,12,1,0
BRDA:144,13,0,0
BRDA:144,14,0,0
BRDA:144,15,0,0
BRDA:144,16,0,0
BRDA:144,17,0,0
BRDA:144,18,0,0
BRDA:160,19,0,0
BRDA:160,19,1,0
BRDA:177,20,0,0
BRDA:177,21,0,0
BRDA:177,22,0,0
BRDA:177,23,0,0
BRDA:248,24,0,0
BRDA:248,24,1,0
BRDA:263,25,0,0
BRDA:263,25,1,0
BRDA:263,26,0,0
BRDA:263,26,1,0
BRDA:264,27,0,0
BRDA:264,27,1,0
BRDA:266,28,0,0
BRDA:266,28,1,0
BRDA:266,29,0,0
BRDA:266,29,1,0
BRDA:274,30,0,0
BRDA:274,30,1,1
BRDA:274,31,0,1
BRDA:274,31,1,1
BRDA:297,32,0,3
BRDA:297,32,1,3
BRDA:303,33,0,1
BRDA:303,33,1,2
BRDA:304,34,0,1
BRDA:304,34,1,1
BRDA:314,35,0,0
BRDA:314,35,1,0
BRDA:314,36,0,0
BRDA:314,36,1,0
BRDA:318,37,0,0
BRDA:318,37,1,0
BRDA:318,38,0,0
BRDA:318,38,1,0
BRDA:320,39,0,0
BRDA:320,39,1,0
BRDA:324,40,0,0
BRDA:324,40,1,0
BRDA:325,41,0,0
BRDA:325,41,1,0
BRDA:326,42,0,0
BRDA:326,42,1,0
BRDA:328,43,0,0
BRDA:328,43,1,0
BRDA:330,44,0,0
BRDA:330,44,1,0
BRDA:337,45,0,0
BRDA:337,45,1,0
BRDA:338,46,0,0
BRDA:338,46,1,0
BRDA:339,47,0,0
BRDA:339,47,1,0
BRDA:341,48,0,0
BRDA:341,48,1,0
BRDA:343,49,0,0
BRDA:343,49,1,0
BRDA:350,50,0,0
BRDA:350,50,1,0
BRDA:359,51,0,0
BRDA:359,51,1,0
BRDA:367,52,0,0
BRDA:367,52,1,0
BRDA:371,53,0,0
BRDA:371,53,1,0
BRDA:375,54,0,0
BRDA:375,54,1,0
BRDA:382,55,0,0
BRDA:382,55,1,0
BRDA:397,56,0,0
BRDA:397,56,1,0
BRDA:403,57,0,0
BRDA:403,57,1,0
BRDA:411,58,0,0
BRDA:411,58,1,0
BRDA:414,59,0,0
BRDA:414,59,1,0
BRDA:417,60,0,0
BRDA:417,60,1,0
BRDA:446,61,0,0
BRDA:446,61,1,0
BRDA:447,62,0,0
BRDA:447,62,1,0
BRDA:454,63,0,0
BRDA:454,63,1,0
BRDA:456,64,0,0
BRDA:456,64,1,0
BRDA:457,65,0,0
BRDA:457,65,1,0
BRDA:462,66,0,0
BRDA:462,66,1,0
BRDA:466,67,0,0
BRDA:466,67,1,0
BRDA:470,68,0,0
BRDA:470,68,1,0
BRDA:487,69,0,0
BRDA:487,69,1,0
BRDA:490,70,0,0
BRDA:490,70,1,0
BRDA:493,71,0,0
BRDA:493,71,1,0
BRDA:505,72,0,0
BRDA:505,72,1,0
BRDA:505,73,0,0
BRDA:505,73,1,0
BRDA:512,74,0,0
BRDA:512,74,1,0
BRDA:513,75,0,0
BRDA:513,75,1,0
BRDA:514,76,0,0
BRDA:514,76,1,0
BRDA:517,77,0,0
BRDA:517,77,1,0
BRDA:519,78,0,0
BRDA:519,78,1,0
BRDA:529,79,0,0
BRDA:529,79,1,0
BRDA:541,80,0,0
BRDA:541,80,1,0
BRDA:549,81,0,0
BRDA:549,81,1,0
BRDA:564,82,0,0
BRDA:564,82,1,0
BRDA:572,83,0,0
BRDA:572,83,1,0
BRDA:575,84,0,0
BRDA:575,84,1,0
BRDA:582,85,0,0
BRDA:582,85,1,0
BRDA:587,86,0,0
BRDA:587,86,1,0
BRDA:587,87,0,0
BRDA:587,87,1,0
BRDA:618,88,0,0
BRDA:618,88,1,0
BRDA:622,89,0,0
BRDA:622,89,1,0
BRDA:631,90,0,0
BRDA:631,90,1,0
BRDA:634,91,0,0
BRDA:634,91,1,0
BRDA:634,92,0,0
BRDA:634,92,1,0
BRDA:634,92,2,0
BRDA:634,92,3,0
BRDA:640,93,0,0
BRDA:640,93,1,0
BRDA:647,94,0,0
BRDA:647,94,1,0
BRDA:647,95,0,0
BRDA:647,95,1,0
BRDA:660,96,0,0
BRDA:660,96,1,0
BRDA:664,97,0,0
BRDA:664,97,1,0
BRDA:688,98,0,0
BRDA:688,98,1,2
BRDA:688,99,0,2
BRDA:688,99,1,2
BRDA:690,100,0,0
BRDA:690,100,1,2
BRDA:697,101,0,0
BRDA:697,101,1,2
BRDA:698,102,0,0
BRDA:698,102,1,2
BRDA:721,103,0,2
BRDA:721,103,1,0
BRDA:737,104,0,0
BRDA:737,104,1,1
BRDA:743,105,0,0
BRDA:743,105,1,0
BRDA:745,106,0,0
BRDA:745,106,1,0
BRDA:750,107,0,0
BRDA:750,107,1,0
BRDA:752,108,0,0
BRDA:752,108,1,0
BRDA:762,109,0,0
BRDA:762,109,1,0
BRDA:766,110,0,0
BRDA:766,110,1,0
BRDA:770,111,0,0
BRDA:770,111,1,0
BRDA:778,112,0,0
BRDA:778,112,1,1
BRDA:792,113,0,0
BRDA:792,113,1,0
BRDA:794,114,0,0
BRDA:794,114,1,0
BRDA:801,115,0,0
BRDA:801,115,1,0
BRDA:815,116,0,0
BRDA:815,116,1,0
BRDA:846,117,0,2
BRDA:846,117,1,2
BRDA:851,118,0,0
BRDA:851,118,1,0
BRDA:872,119,0,0
BRDA:872,119,1,0
BRDA:877,120,0,0
BRDA:877,120,1,0
BRDA:880,121,0,0
BRDA:880,121,1,0
BRDA:882,122,0,0
BRDA:882,122,1,0
BRDA:888,123,0,0
BRDA:888,123,1,0
BRDA:897,124,0,0
BRDA:897,124,1,0
BRDA:901,125,0,0
BRDA:901,125,1,0
BRDA:901,126,0,0
BRDA:901,126,1,0
BRDA:901,126,2,0
BRDA:910,127,0,0
BRDA:910,127,1,0
BRDA:917,128,0,0
BRDA:917,128,1,0
BRDA:921,129,0,2
BRDA:921,129,1,1
BRDA:924,130,0,0
BRDA:924,130,1,0
BRDA:936,131,0,0
BRDA:936,131,1,0
BRDA:944,132,0,1
BRDA:944,132,1,3
BRDA:945,133,0,1
BRDA:945,133,1,2
BRDA:949,134,0,0
BRDA:949,134,1,0
BRDA:950,135,0,0
BRDA:950,135,1,0
BRDA:955,136,0,0
BRDA:955,136,1,0
BRDA:962,137,0,0
BRDA:962,137,1,0
BRDA:974,138,0,0
BRDA:974,138,1,0
BRDA:974,139,0,0
BRDA:974,139,1,0
BRDA:983,140,0,0
BRDA:983,140,1,0
BRDA:992,141,0,1
BRDA:992,141,1,0
BRDA:1000,142,0,0
BRDA:1000,142,1,1
BRDA:1001,143,0,0
BRDA:1001,143,1,1
BRDA:1001,144,0,1
BRDA:1001,144,1,0
BRDA:1001,144,2,0
BRDA:1024,145,0,0
BRDA:1024,145,1,0
BRDA:1027,146,0,0
BRDA:1027,146,1,0
BRDA:1027,147,0,0
BRDA:1027,147,1,0
BRDA:1029,148,0,0
BRDA:1029,148,1,0
BRDA:1035,149,0,0
BRDA:1035,149,1,0
BRDA:1045,150,0,0
BRDA:1045,150,1,0
BRDA:1054,151,0,0
BRDA:1054,151,1,0
BRDA:1055,152,0,0
BRDA:1055,152,1,0
BRDA:1055,153,0,0
BRDA:1055,153,1,0
BRDA:1055,153,2,0
BRDA:1066,154,0,0
BRDA:1066,154,1,0
BRDA:1067,155,0,0
BRDA:1067,155,1,0
BRDA:1068,156,0,0
BRDA:1068,156,1,0
BRDA:1069,157,0,0
BRDA:1069,157,1,0
BRDA:1070,158,0,0
BRDA:1070,158,1,0
BRDA:1074,159,0,0
BRDA:1074,159,1,0
BRDA:1075,160,0,0
BRDA:1075,160,1,0
BRDA:1075,161,0,0
BRDA:1075,161,1,0
BRDA:1076,162,0,0
BRDA:1076,162,1,0
BRDA:1077,163,0,0
BRDA:1077,163,1,0
BRDA:1079,164,0,0
BRDA:1079,164,1,0
BRDA:1085,165,0,0
BRDA:1085,165,1,0
BRDA:1085,166,0,0
BRDA:1085,166,1,0
BRDA:1085,167,0,0
BRDA:1085,167,1,0
BRDA:1090,168,0,0
BRDA:1090,168,1,0
BRDA:1090,169,0,0
BRDA:1090,169,1,0
BRDA:1095,170,0,0
BRDA:1095,170,1,0
BRDA:1097,171,0,0
BRDA:1097,171,1,0
BRDA:1104,172,0,0
BRDA:1104,172,1,0
BRDA:1107,173,0,0
BRDA:1107,173,1,0
BRDA:1109,174,0,0
BRDA:1109,174,1,0
BRDA:1115,175,0,0
BRDA:1115,175,1,0
BRDA:1115,176,0,0
BRDA:1115,176,1,0
BRDA:1115,177,0,0
BRDA:1115,177,1,0
BRDA:1116,178,0,0
BRDA:1116,178,1,0
BRDA:1116,179,0,0
BRDA:1116,179,1,0
BRDA:1117,180,0,0
BRDA:1117,180,1,0
BRDA:1123,181,0,0
BRDA:1123,181,1,0
BRDA:1125,182,0,0
BRDA:1125,182,1,0
BRDA:1129,183,0,0
BRDA:1129,183,1,0
BRDA:1129,184,0,0
BRDA:1129,184,1,0
BRDA:1129,185,0,0
BRDA:1129,185,1,0
BRDA:1130,186,0,0
BRDA:1130,186,1,0
BRDA:1130,187,0,0
BRDA:1130,187,1,0
BRDA:1137,188,0,0
BRDA:1137,188,1,0
BRDA:1138,189,0,0
BRDA:1138,189,1,0
BRDA:1140,190,0,0
BRDA:1140,190,1,0
BRDA:1146,191,0,0
BRDA:1146,191,1,0
BRDA:1147,192,0,0
BRDA:1147,192,1,0
BRDA:1147,193,0,0
BRDA:1147,193,1,0
BRDA:1147,193,2,0
BRDA:1151,194,0,0
BRDA:1151,194,1,0
BRDA:1151,195,0,0
BRDA:1151,195,1,0
BRDA:1152,196,0,0
BRDA:1152,196,1,0
BRDA:1158,197,0,0
BRDA:1158,197,1,0
BRDA:1160,198,0,0
BRDA:1160,198,1,0
BRDA:1162,199,0,0
BRDA:1162,199,1,0
BRDA:1165,200,0,0
BRDA:1165,200,1,0
BRDA:1167,201,0,0
BRDA:1167,201,1,0
BRDA:1173,202,0,0
BRDA:1173,202,1,0
BRDA:1176,203,0,0
BRDA:1176,203,1,0
BRDA:1176,204,0,0
BRDA:1176,204,1,0
BRDA:1178,205,0,0
BRDA:1178,205,1,0
BRDA:1178,206,0,0
BRDA:1178,206,1,0
BRDA:1178,207,0,0
BRDA:1178,207,1,0
BRDA:1181,208,0,0
BRDA:1181,208,1,0
BRDA:1186,209,0,0
BRDA:1186,209,1,0
BRDA:1199,210,0,0
BRDA:1199,210,1,0
BRDA:1202,211,0,0
BRDA:1202,211,1,0
BRDA:1229,212,0,0
BRDA:1229,212,1,0
BRDA:1229,213,0,0
BRDA:1229,213,1,0
BRDA:1253,214,0,0
BRDA:1253,214,1,0
BRDA:1264,215,0,4
BRDA:1264,216,0,4
BRDA:1264,217,0,5
BRDA:1264,218,0,7
BRDA:1264,219,0,7
BRDA:1264,220,0,7
BRDA:1264,221,0,8
BRDA:1265,222,0,9
BRDA:1265,222,1,2
BRDA:1266,223,0,1
BRDA:1266,223,1,8
BRDA:1267,224,0,1
BRDA:1267,224,1,7
BRDA:1267,225,0,8
BRDA:1267,225,1,2
BRDA:1267,225,2,2
BRDA:1270,226,0,1
BRDA:1270,226,1,6
BRDA:1270,227,0,7
BRDA:1270,227,1,1
BRDA:1271,228,0,1
BRDA:1271,228,1,6
BRDA:1271,229,0,7
BRDA:1271,229,1,5
BRDA:1272,230,0,2
BRDA:1272,230,1,5
BRDA:1275,231,0,5
BRDA:1275,231,1,4
BRDA:1275,232,0,0
BRDA:1275,232,1,4
BRDA:1276,233,0,1
BRDA:1276,233,1,4
BRDA:1279,234,0,0
BRDA:1279,234,1,1
BRDA:1283,235,0,4
BRDA:1283,235,1,1
BRDA:1289,236,0,5
BRDA:1289,236,1,2
BRDA:1292,237,0,0
BRDA:1292,237,1,5
BRDA:1299,238,0,0
BRDA:1299,238,1,5
BRDA:1299,239,0,0
BRDA:1299,239,1,0
BRDA:1299,240,0,0
BRDA:1299,240,1,0
BRDA:1304,241,0,2
BRDA:1304,241,1,3
BRDA:1308,242,0,1
BRDA:1308,242,1,1
BRDA:1316,243,0,2
BRDA:1316,243,1,0
BRDA:1322,244,0,0
BRDA:1322,244,1,7
BRDA:1331,245,0,0
BRDA:1331,245,1,0
BRDA:1331,246,0,0
BRDA:1331,246,1,0
BRDA:1332,247,0,0
BRDA:1332,247,1,0
BRDA:1333,248,0,0
BRDA:1333,248,1,0
BRDA:1339,249,0,0
BRDA:1339,249,1,0
BRDA:1347,250,0,0
BRDA:1347,250,1,0
BRDA:1360,251,0,0
BRDA:1360,251,1,0
BRDA:1371,252,0,15
BRDA:1371,252,1,0
BRDA:1371,253,0,15
BRDA:1371,253,1,15
BRDA:1385,254,0,2
BRDA:1385,254,1,1
BRDA:1392,255,0,3
BRDA:1392,255,1,1
BRDA:1400,256,0,0
BRDA:1400,257,0,0
BRDA:1403,258,0,0
BRDA:1403,258,1,0
BRDA:1404,259,0,0
BRDA:1404,259,1,0
BRDA:1409,260,0,0
BRDA:1409,260,1,0
BRDA:1411,261,0,0
BRDA:1411,261,1,0
BRDA:1413,262,0,0
BRDA:1413,262,1,0
BRDA:1417,263,0,0
BRDA:1417,263,1,0
BRDA:1417,264,0,0
BRDA:1417,264,1,0
BRDA:1432,265,0,0
BRDA:1432,265,1,0
BRDA:1433,266,0,0
BRDA:1433,266,1,0
BRDA:1435,267,0,0
BRDA:1435,267,1,0
BRDA:1440,268,0,0
BRDA:1440,268,1,0
BRDA:1443,269,0,0
BRDA:1443,269,1,0
BRDA:1446,270,0,0
BRDA:1446,270,1,0
BRDA:1452,271,0,0
BRDA:1452,271,1,0
BRDA:1452,272,0,0
BRDA:1452,272,1,0
BRDA:1455,273,0,0
BRDA:1455,273,1,0
BRDA:1464,274,0,0
BRDA:1464,274,1,0
BRDA:1465,275,0,0
BRDA:1465,275,1,0
BRDA:1469,276,0,0
BRDA:1469,276,1,0
BRDA:1474,277,0,0
BRDA:1474,277,1,0
BRDA:1479,278,0,0
BRDA:1479,278,1,0
BRDA:1508,279,0,0
BRDA:1508,279,1,0
BRDA:1520,280,0,0
BRDA:1520,280,1,0
BRDA:1520,281,0,0
BRDA:1520,281,1,0
BRDA:1528,282,0,0
BRDA:1528,282,1,0
BRDA:1528,283,0,0
BRDA:1528,283,1,0
BRDA:1541,284,0,0
BRDA:1541,284,1,0
BRDA:1547,285,0,0
BRDA:1547,285,1,0
BRDA:1567,286,0,0
BRDA:1567,286,1,0
BRDA:1581,287,0,0
BRDA:1581,287,1,0
BRDA:1587,288,0,0
BRDA:1587,288,1,0
BRDA:1588,289,0,0
BRDA:1588,289,1,0
BRDA:1602,290,0,0
BRDA:1602,290,1,0
BRDA:1603,291,0,0
BRDA:1603,291,1,0
BRDA:1609,292,0,0
BRDA:1609,292,1,0
BRDA:1614,293,0,0
BRDA:1614,293,1,0
BRDA:1617,294,0,0
BRDA:1617,294,1,0
BRDA:1619,295,0,0
BRDA:1619,295,1,0
BRDA:1637,296,0,0
BRDA:1637,296,1,0
BRDA:1637,297,0,0
BRDA:1637,297,1,0
BRDA:1645,298,0,1
BRDA:1645,298,1,1
BRDA:1649,299,0,1
BRDA:1649,299,1,3
BRDA:1651,300,0,1
BRDA:1651,300,1,2
BRDA:1651,301,0,3
BRDA:1651,301,1,3
BRDA:1659,302,0,0
BRDA:1659,302,1,0
BRDA:1659,303,0,0
BRDA:1659,303,1,0
BRDA:1662,304,0,1
BRDA:1662,304,1,0
BRDA:1670,305,0,0
BRDA:1670,305,1,1
BRDA:1670,306,0,1
BRDA:1670,306,1,1
BRDA:1744,307,0,0
BRDA:1744,307,1,1
BRDA:1745,308,0,1
BRDA:1745,308,1,0
BRDA:1751,309,0,0
BRDA:1751,309,1,1
BRDA:1752,310,0,0
BRDA:1752,310,1,1
BRDA:1764,311,0,0
BRDA:1764,311,1,0
BRDA:1780,312,0,0
BRDA:1780,312,1,0
BRDA:1789,313,0,0
BRDA:1789,313,1,0
BRDA:1796,314,0,0
BRDA:1796,314,1,0
BRDA:1806,315,0,0
BRDA:1806,315,1,0
BRDA:1828,316,0,0
BRDA:1828,316,1,0
BRDA:1828,317,0,0
BRDA:1828,317,1,0
BRDA:1830,318,0,0
BRDA:1830,318,1,0
BRDA:1848,319,0,0
BRDA:1848,319,1,0
BRDA:1864,320,0,0
BRDA:1864,320,1,0
BRDA:1878,321,0,0
BRDA:1878,321,1,0
BRDA:1887,322,0,0
BRDA:1887,322,1,0
BRDA:1887,323,0,0
BRDA:1887,323,1,0
BRDA:1898,324,0,0
BRDA:1898,324,1,0
BRDA:1898,325,0,0
BRDA:1898,325,1,0
BRDA:1904,326,0,0
BRDA:1904,326,1,0
BRDA:1908,327,0,0
BRDA:1908,327,1,0
BRDA:1920,328,0,0
BRDA:1920,328,1,0
BRDA:1934,329,0,0
BRDA:1934,329,1,0
BRDA:1954,330,0,0
BRDA:1954,330,1,0
BRDA:1955,331,0,0
BRDA:1955,331,1,0
BRDA:1955,332,0,0
BRDA:1955,332,1,0
BRDA:1960,333,0,0
BRDA:1960,333,1,0
BRDA:1960,334,0,0
BRDA:1960,334,1,0
BRDA:1966,335,0,0
BRDA:1966,335,1,0
BRDA:1971,336,0,0
BRDA:1971,336,1,0
BRDA:1972,337,0,0
BRDA:1972,337,1,0
BRDA:1988,338,0,0
BRDA:1988,338,1,0
BRDA:1988,339,0,0
BRDA:1988,339,1,0
BRDA:1988,339,2,0
BRDA:1990,340,0,0
BRDA:1990,340,1,0
BRDA:1991,341,0,0
BRDA:1991,341,1,0
BRDA:1992,342,0,0
BRDA:1992,342,1,0
BRDA:1992,343,0,0
BRDA:1992,343,1,0
BRDA:2002,344,0,0
BRDA:2002,344,1,0
BRDA:2002,345,0,0
BRDA:2002,345,1,0
BRDA:2002,345,2,0
BRDA:2002,345,3,0
BRDA:2005,346,0,0
BRDA:2005,346,1,0
BRDA:2006,347,0,0
BRDA:2006,347,1,0
BRDA:2016,348,0,0
BRDA:2016,348,1,0
BRDA:2017,349,0,0
BRDA:2017,349,1,0
BRDA:2018,350,0,0
BRDA:2018,350,1,0
BRDA:2022,351,0,0
BRDA:2022,351,1,0
BRDA:2023,352,0,0
BRDA:2023,352,1,0
BRDA:2023,353,0,0
BRDA:2023,353,1,0
BRDA:2027,354,0,0
BRDA:2027,354,1,0
BRDA:2028,355,0,0
BRDA:2028,355,1,0
BRDA:2033,356,0,0
BRDA:2033,356,1,0
BRDA:2037,357,0,0
BRDA:2037,357,1,0
BRDA:2045,358,0,0
BRDA:2045,358,1,0
BRDA:2053,359,0,0
BRDA:2053,359,1,0
BRDA:2053,360,0,0
BRDA:2053,360,1,0
BRDA:2056,361,0,0
BRDA:2056,361,1,0
BRDA:2062,362,0,0
BRDA:2062,362,1,0
BRDA:2062,363,0,0
BRDA:2062,363,1,0
BRDA:2064,364,0,0
BRDA:2064,364,1,0
BRDA:2077,365,0,0
BRDA:2077,365,1,0
BRDA:2078,366,0,0
BRDA:2078,366,1,0
BRDA:2088,367,0,0
BRDA:2088,367,1,0
BRDA:2095,368,0,0
BRDA:2095,368,1,0
BRDA:2095,369,0,0
BRDA:2095,369,1,0
BRDA:2098,370,0,0
BRDA:2098,370,1,0
BRDA:2098,371,0,0
BRDA:2098,371,1,0
BRDA:2100,372,0,0
BRDA:2100,372,1,0
BRDA:2100,373,0,0
BRDA:2100,373,1,0
BRDA:2100,373,2,0
BRDA:2101,374,0,0
BRDA:2101,374,1,0
BRDA:2102,375,0,0
BRDA:2102,375,1,0
BRDA:2103,376,0,0
BRDA:2103,376,1,0
BRDA:2103,377,0,0
BRDA:2103,377,1,0
BRDA:2112,378,0,0
BRDA:2112,378,1,0
BRDA:2120,379,0,0
BRDA:2120,379,1,0
BRDA:2121,380,0,0
BRDA:2121,380,1,0
BRDA:2124,381,0,0
BRDA:2124,381,1,0
BRDA:2125,382,0,0
BRDA:2125,382,1,0
BRDA:2139,383,0,0
BRDA:2139,383,1,0
BRDA:2141,384,0,0
BRDA:2141,384,1,0
BRDA:2160,385,0,0
BRDA:2160,385,1,0
BRDA:2161,386,0,0
BRDA:2161,386,1,0
BRDA:2165,387,0,0
BRDA:2165,387,1,0
BRDA:2166,388,0,0
BRDA:2166,388,1,0
BRDA:2186,389,0,0
BRDA:2186,389,1,0
BRDA:2187,390,0,0
BRDA:2187,390,1,0
BRDA:2189,391,0,0
BRDA:2189,391,1,0
BRDA:2191,392,0,0
BRDA:2191,392,1,0
BRDA:2202,393,0,0
BRDA:2202,393,1,0
BRDA:2207,394,0,0
BRDA:2207,394,1,0
BRDA:2210,395,0,0
BRDA:2210,395,1,0
BRDA:2210,396,0,0
BRDA:2210,396,1,0
BRDA:2227,397,0,1
BRDA:2227,397,1,0
BRDA:2229,398,0,0
BRDA:2229,398,1,1
BRDA:2243,399,0,0
BRDA:2243,399,1,1
BRDA:2243,400,0,1
BRDA:2243,400,1,1
BRDA:2243,400,2,1
BRDA:2248,401,0,1
BRDA:2248,401,1,0
BRDA:2250,402,0,0
BRDA:2250,402,1,1
BRDA:2266,403,0,1
BRDA:2266,403,1,0
BRDA:2266,404,0,1
BRDA:2266,404,1,1
BRF:803
BRH:116
end_of_record
