<?xml version="1.0" encoding="utf-8"?><testsuites name="pytest tests"><testsuite name="pytest" errors="0" failures="0" skipped="0" tests="6" time="8.001" timestamp="2026-05-19T17:30:36.824904-07:00" hostname="DESKTOP-0197SH5"><testcase classname="tests.integration.test_langgraph_agent.TestLangGraphAgent" name="test_agent_execution_with_tools" time="0.022" /><testcase classname="tests.integration.test_langgraph_agent.TestLangGraphAgent" name="test_context_window_overflow_recovery" time="0.022" /><testcase classname="tests.integration.test_websocket_flow.TestWebSocketFlow" name="test_user_message_flow" time="0.340" /><testcase classname="tests.integration.test_websocket_flow.TestWebSocketFlow" name="test_session_creation_on_first_message" time="0.268" /><testcase classname="tests.integration.test_websocket_flow.TestWebSocketFlow" name="test_history_question_workaround" time="0.007" /><testcase classname="tests.integration.test_websocket_flow.TestWebSocketFlow" name="test_error_handling" time="0.225" /></testsuite></testsuites>