<?xml version="1.0" encoding="utf-8"?><testsuites name="pytest tests"><testsuite name="pytest" errors="0" failures="0" skipped="5" tests="757" time="44.657" timestamp="2026-05-19T17:31:50.119894-07:00" hostname="DESKTOP-0197SH5"><testcase classname="tests.unit.test_client_main.TestA2AEndpointParsingLogic" name="test_parse_single_endpoint_logic" time="0.004" /><testcase classname="tests.unit.test_client_main.TestA2AEndpointParsingLogic" name="test_parse_multiple_endpoints_logic" time="0.002" /><testcase classname="tests.unit.test_client_main.TestServerAutoDiscoveryLogic" name="test_discover_valid_servers" time="0.005" /><testcase classname="tests.unit.test_client_main.TestEnvironmentConfiguration" name="test_max_message_history_default" time="0.002" /><testcase classname="tests.unit.test_client_main.TestEnvironmentConfiguration" name="test_max_message_history_custom" time="0.002" /><testcase classname="tests.unit.test_client_main.TestEnvironmentConfiguration" name="test_llm_backend_selection" time="0.002" /><testcase classname="tests.unit.test_client_main.TestJSONExtractionLogic" name="test_extract_json_from_text_content" time="0.002" /><testcase classname="tests.unit.test_client_main.TestJSONExtractionLogic" name="test_handle_escaped_json" time="0.002" /><testcase classname="tests.unit.test_client_main.TestJSONExtractionLogic" name="test_extract_json_no_match" time="0.001" /><testcase classname="tests.unit.test_client_main.TestModelSelectionLogic" name="test_select_ollama_models" time="0.002" /><testcase classname="tests.unit.test_client_main.TestModelSelectionLogic" name="test_fallback_to_gguf_logic" time="0.002" /><testcase classname="tests.unit.test_client_main.TestModelSelectionLogic" name="test_no_models_available" time="0.001" /><testcase classname="tests.unit.test_client_main.TestPlexAutoTrainingLogic" name="test_skip_training_when_model_exists" time="0.003" /><testcase classname="tests.unit.test_client_main.TestPlexAutoTrainingLogic" name="test_train_when_model_missing" time="0.003" /><testcase classname="tests.unit.test_client_main.TestGlobalStateStructures" name="test_multi_agent_state_structure" time="0.002" /><testcase classname="tests.unit.test_client_main.TestGlobalStateStructures" name="test_a2a_state_structure" time="0.002" /><testcase classname="tests.unit.test_client_main.TestGlobalStateStructures" name="test_conversation_state_structure" time="0.002" /><testcase classname="tests.unit.test_client_main.TestMessageHandling" name="test_add_user_message" time="0.002" /><testcase classname="tests.unit.test_client_main.TestMessageHandling" name="test_add_ai_message" time="0.002" /><testcase classname="tests.unit.test_client_main.TestMessageHandling" name="test_conversation_flow" time="0.001" /><testcase classname="tests.unit.test_client_main.TestSystemPromptHandling" name="test_load_from_file" time="0.003" /><testcase classname="tests.unit.test_client_main.TestSystemPromptHandling" name="test_use_default_when_missing" time="0.003" /><testcase classname="tests.unit.test_client_main.TestSystemPromptHandling" name="test_append_history_awareness" time="0.002" /><testcase classname="tests.unit.test_client_main.TestToolCountTracking" name="test_count_local_tools" time="0.002" /><testcase classname="tests.unit.test_client_main.TestToolCountTracking" name="test_count_tools_after_a2a_registration" time="0.003" /><testcase classname="tests.unit.test_client_main.TestLoggingConfiguration" name="test_create_log_directory" time="0.002" /><testcase classname="tests.unit.test_client_main.TestLoggingConfiguration" name="test_log_file_paths" time="0.002" /><testcase classname="tests.unit.test_client_main.TestAsyncWorkflowPatterns" name="test_tool_binding_pattern" time="0.003" /><testcase classname="tests.unit.test_client_main.TestAsyncWorkflowPatterns" name="test_agent_execution_pattern" time="0.003" /><testcase classname="tests.unit.test_client_main.TestAsyncWorkflowPatterns" name="test_multi_agent_execution_pattern" time="0.003" /><testcase classname="tests.unit.test_code_review_tools.TestCodeReviewTools" name="test_review_code_valid_file" time="0.026" /><testcase classname="tests.unit.test_code_review_tools.TestCodeReviewTools" name="test_review_code_security_issues" time="0.004" /><testcase classname="tests.unit.test_code_review_tools.TestCodeReviewTools" name="test_summarize_code_file" time="0.003" /><testcase classname="tests.unit.test_code_review_tools.TestCodeReviewTools" name="test_file_not_found" time="0.002" /><testcase classname="tests.unit.test_code_review_tools.TestCodeReviewTools" name="test_scan_directory" time="0.028" /><testcase classname="tests.unit.test_code_review_tools.TestCodeReviewTools" name="test_search_code" time="0.019" /><testcase classname="tests.unit.test_code_review_tools.TestCodeReviewServerIntegration" name="test_review_code_tool" time="0.004" /><testcase classname="tests.unit.test_code_review_tools.TestCodeReviewEdgeCases" name="test_large_file_handling" time="0.003" /><testcase classname="tests.unit.test_code_review_tools.TestCodeReviewEdgeCases" name="test_binary_file_handling" time="0.002" /><testcase classname="tests.unit.test_code_review_tools.TestCodeReviewEdgeCases" name="test_empty_file" time="0.003" /><testcase classname="tests.unit.test_commands.TestCommandsBasics" name="test_get_commands_list_returns_list" time="0.010" /><testcase classname="tests.unit.test_commands.TestCommandsBasics" name="test_get_commands_list_contains_key_commands" time="0.002" /><testcase classname="tests.unit.test_commands.TestCommandsBasics" name="test_list_commands_prints" time="0.002" /><testcase classname="tests.unit.test_commands.TestCommandsBasics" name="test_is_command_true_for_colon_prefix" time="0.002" /><testcase classname="tests.unit.test_commands.TestCommandsBasics" name="test_is_command_false_for_normal_text" time="0.002" /><testcase classname="tests.unit.test_commands.TestHandleGGUFCommands" name="test_non_gguf_command_returns_none" time="0.003" /><testcase classname="tests.unit.test_commands.TestHandleGGUFCommands" name="test_gguf_help_returns_help_text" time="0.003" /><testcase classname="tests.unit.test_commands.TestHandleGGUFCommands" name="test_gguf_no_args_returns_help" time="0.003" /><testcase classname="tests.unit.test_commands.TestHandleGGUFCommands" name="test_gguf_list_returns_signal" time="0.003" /><testcase classname="tests.unit.test_commands.TestHandleGGUFCommands" name="test_gguf_remove_calls_registry" time="0.003" /><testcase classname="tests.unit.test_commands.TestHandleGGUFCommands" name="test_gguf_add_success" time="0.007" /><testcase classname="tests.unit.test_commands.TestHandleGGUFCommands" name="test_gguf_add_with_alias" time="0.005" /><testcase classname="tests.unit.test_commands.TestHandleGGUFCommands" name="test_gguf_add_failure_returns_error" time="0.003" /><testcase classname="tests.unit.test_commands.TestHandleGGUFCommands" name="test_gguf_invalid_command" time="0.002" /><testcase classname="tests.unit.test_commands.TestHandleA2ACommands" name="test_a2a_on_with_orchestrator" time="0.003" /><testcase classname="tests.unit.test_commands.TestHandleA2ACommands" name="test_a2a_on_without_orchestrator" time="0.003" /><testcase classname="tests.unit.test_commands.TestHandleA2ACommands" name="test_a2a_off_with_orchestrator" time="0.003" /><testcase classname="tests.unit.test_commands.TestHandleA2ACommands" name="test_a2a_status_disabled" time="0.003" /><testcase classname="tests.unit.test_commands.TestHandleA2ACommands" name="test_a2a_status_enabled" time="0.003" /><testcase classname="tests.unit.test_commands.TestHandleA2ACommands" name="test_a2a_unrecognized_returns_none" time="0.003" /><testcase classname="tests.unit.test_commands.TestHandleCommandSimple" name="test_commands_command" time="0.004" /><testcase classname="tests.unit.test_commands.TestHandleCommandSimple" name="test_stop_command" time="0.004" /><testcase classname="tests.unit.test_commands.TestHandleCommandSimple" name="test_unrecognized_command_not_handled" time="0.004" /><testcase classname="tests.unit.test_commands.TestHandleCommandSimple" name="test_metrics_unavailable" time="0.005" /><testcase classname="tests.unit.test_commands.TestHandleCommandSimple" name="test_negotiations_unavailable" time="0.004" /><testcase classname="tests.unit.test_commands.TestHandleCommandSimple" name="test_routing_unavailable" time="0.004" /><testcase classname="tests.unit.test_commands.TestHandleCommandTools" name="test_tool_detail_found" time="0.004" /><testcase classname="tests.unit.test_commands.TestHandleCommandTools" name="test_tool_detail_not_found" time="0.004" /><testcase classname="tests.unit.test_commands.TestHandleCommandTools" name="test_tools_no_tools_available" time="0.005" /><testcase classname="tests.unit.test_commands.TestHandleCommandModel" name="test_model_list_command" time="0.005" /><testcase classname="tests.unit.test_commands.TestHandleCommandModel" name="test_model_switch_success" time="0.006" /><testcase classname="tests.unit.test_commands.TestHandleCommandModel" name="test_model_switch_failure" time="0.004" /><testcase classname="tests.unit.test_commands.TestHandleCommandModel" name="test_models_legacy_command" time="0.005" /><testcase classname="tests.unit.test_commands.TestHandleCommandSessions" name="test_clear_sessions" time="0.049" /><testcase classname="tests.unit.test_commands.TestHandleCommandSessions" name="test_sessions_empty" time="0.004" /><testcase classname="tests.unit.test_commands.TestHandleCommandSessions" name="test_sessions_with_data" time="0.005" /><testcase classname="tests.unit.test_commands.TestHandleCommandSessions" name="test_clear_specific_session_found" time="0.006" /><testcase classname="tests.unit.test_commands.TestHandleCommandSessions" name="test_clear_specific_session_not_found" time="0.006" /><testcase classname="tests.unit.test_commands_extended.TestStatsCommand" name="test_stats_returns_summary" time="0.004" /><testcase classname="tests.unit.test_commands_extended.TestStatsCommand" name="test_stats_import_error_fallback" time="0.003" /><testcase classname="tests.unit.test_commands_extended.TestSyncCommand" name="test_sync_success" time="0.004" /><testcase classname="tests.unit.test_commands_extended.TestSyncCommand" name="test_sync_no_last_model" time="0.005" /><testcase classname="tests.unit.test_commands_extended.TestSyncCommand" name="test_sync_reload_fails" time="0.005" /><testcase classname="tests.unit.test_commands_extended.TestMultiCommand" name="test_multi_enable" time="0.004" /><testcase classname="tests.unit.test_commands_extended.TestMetricsWithOrchestrator" name="test_metrics_with_orchestrator" time="0.005" /><testcase classname="tests.unit.test_commands_extended.TestMetricsWithOrchestrator" name="test_metrics_comparative" time="0.006" /><testcase classname="tests.unit.test_commands_extended.TestMetricsWithOrchestrator" name="test_negotiations_with_orchestrator" time="0.005" /><testcase classname="tests.unit.test_commands_extended.TestMetricsWithOrchestrator" name="test_routing_with_orchestrator" time="0.004" /><testcase classname="tests.unit.test_commands_extended.TestModelOutOfSync" name="test_model_shows_sync_warning" time="0.005" /><testcase classname="tests.unit.test_commands_extended.TestModelOutOfSync" name="test_model_no_warning_when_synced" time="0.004" /><testcase classname="tests.unit.test_context_tracker.TestContextTracker" name="test_extract_project_path" time="0.090" /><testcase classname="tests.unit.test_context_tracker.TestContextTracker" name="test_no_context_in_empty_session" time="0.049" /><testcase classname="tests.unit.test_context_tracker.TestContextTracker" name="test_returns_empty_dict_for_missing_session" time="0.046" /><testcase classname="tests.unit.test_context_tracker.TestContextTracker" name="test_returns_empty_dict_for_no_messages" time="0.049" /><testcase classname="tests.unit.test_context_tracker.TestContextTracker" name="test_create_context_message" time="0.044" /><testcase classname="tests.unit.test_context_tracker.TestContextTracker" name="test_structured_message_includes_tool_hint" time="0.041" /><testcase classname="tests.unit.test_context_tracker.TestContextTracker" name="test_should_inject_context_with_data" time="0.050" /><testcase classname="tests.unit.test_context_tracker.TestContextTracker" name="test_should_not_inject_context_when_empty" time="0.046" /><testcase classname="tests.unit.test_context_tracker.TestContextTrackerRAG" name="test_build_rag_context_message_with_results" time="0.044" /><testcase classname="tests.unit.test_context_tracker.TestContextTrackerRAG" name="test_build_rag_context_message_empty" time="0.043" /><testcase classname="tests.unit.test_context_tracker.TestContextTrackerRAG" name="test_build_rag_context_truncates_long_text" time="0.046" /><testcase classname="tests.unit.test_context_tracker.TestContextTrackerRAG" name="test_retrieve_semantic_context_returns_empty_on_failure" time="0.044" /><testcase classname="tests.unit.test_context_tracker.TestContextIntegration" name="test_integrate_injects_structured_context" time="0.072" /><testcase classname="tests.unit.test_context_tracker.TestContextIntegration" name="test_integrate_injects_rag_context" time="0.046" /><testcase classname="tests.unit.test_context_tracker.TestContextIntegration" name="test_integrate_returns_false_with_no_session_id" time="0.002" /><testcase classname="tests.unit.test_context_tracker.TestContextIntegration" name="test_integrate_returns_false_with_no_session_manager" time="0.003" /><testcase classname="tests.unit.test_context_tracker.TestContextIntegration" name="test_integrate_returns_false_when_no_context_found" time="0.056" /><testcase classname="tests.unit.test_coverage_boost.TestStopSignal" name="test_initial_state_is_not_requested" time="0.002" /><testcase classname="tests.unit.test_coverage_boost.TestStopSignal" name="test_request_stop_sets_flag" time="0.002" /><testcase classname="tests.unit.test_coverage_boost.TestStopSignal" name="test_clear_stop_resets_flag" time="0.002" /><testcase classname="tests.unit.test_coverage_boost.TestStopSignal" name="test_request_stop_twice_is_idempotent" time="0.002" /><testcase classname="tests.unit.test_coverage_boost.TestStopSignal" name="test_clear_without_request_is_safe" time="0.002" /><testcase classname="tests.unit.test_coverage_boost.TestStopSignal" name="test_request_then_clear_then_request_again" time="0.002" /><testcase classname="tests.unit.test_coverage_boost.TestStopSignal" name="test_clear_stop_is_safe_before_any_request" time="0.002" /><testcase classname="tests.unit.test_coverage_boost.TestWebSocketHelpers" name="test_get_system_monitor_clients_returns_set" time="0.118" /><testcase classname="tests.unit.test_coverage_boost.TestWebSocketHelpers" name="test_is_system_monitor_available_returns_bool" time="0.002" /><testcase classname="tests.unit.test_coverage_boost.TestWebSocketHelpers" name="test_processing_sessions_initially_empty" time="0.002" /><testcase classname="tests.unit.test_coverage_boost.TestWebSocketHelpers" name="test_session_tasks_is_dict" time="0.002" /><testcase classname="tests.unit.test_coverage_boost.TestBroadcastMessage" name="test_broadcast_sends_to_all_clients" time="0.006" /><testcase classname="tests.unit.test_coverage_boost.TestBroadcastMessage" name="test_broadcast_sends_correct_json" time="0.004" /><testcase classname="tests.unit.test_coverage_boost.TestBroadcastMessage" name="test_broadcast_no_clients_does_nothing" time="0.002" /><testcase classname="tests.unit.test_coverage_boost.TestBroadcastMessage" name="test_broadcast_handles_send_failure_gracefully" time="0.004" /><testcase classname="tests.unit.test_coverage_boost.TestCleanupStaleTasks" name="test_cleanup_removes_old_tasks" time="0.004" /><testcase classname="tests.unit.test_coverage_boost.TestCleanupStaleTasks" name="test_cleanup_cancels_running_stale_tasks" time="0.005" /><testcase classname="tests.unit.test_coverage_boost.TestUtils" name="test_get_venv_python_finds_venv" time="0.021" /><testcase classname="tests.unit.test_coverage_boost.TestUtils" name="test_get_venv_python_raises_when_missing" time="0.002" /><testcase classname="tests.unit.test_coverage_boost.TestUtils" name="test_start_http_server_returns_ip" time="0.004" /><testcase classname="tests.unit.test_coverage_boost.TestUtils" name="test_ensure_ollama_running_raises_when_down" time="0.012" /><testcase classname="tests.unit.test_coverage_boost.TestUtils" name="test_ensure_ollama_running_succeeds_when_up" time="0.005" /><testcase classname="tests.unit.test_coverage_boost.TestSessionManagerExtended" name="test_update_session_name" time="0.053" /><testcase classname="tests.unit.test_coverage_boost.TestSessionManagerExtended" name="test_get_sessions_returns_list" time="0.055" /><testcase classname="tests.unit.test_coverage_boost.TestSessionManagerExtended" name="test_delete_all_sessions" time="0.088" /><testcase classname="tests.unit.test_coverage_boost.TestSessionManagerExtended" name="test_get_session_messages_empty" time="0.048" /><testcase classname="tests.unit.test_coverage_boost.TestSessionManagerExtended" name="test_add_message_with_model" time="0.056" /><testcase classname="tests.unit.test_coverage_boost.TestSessionManagerExtended" name="test_get_user_session_count" time="0.081" /><testcase classname="tests.unit.test_coverage_boost.TestSessionManagerExtended" name="test_get_recent_session_topics" time="0.073" /><testcase classname="tests.unit.test_coverage_boost.TestSessionManagerExtended" name="test_message_trimming_keeps_newest" time="0.072" /><testcase classname="tests.unit.test_coverage_final.TestQuietHTTPRequestHandler" name="test_image_served_successfully" time="0.208" /><testcase classname="tests.unit.test_coverage_final.TestQuietHTTPRequestHandler" name="test_image_missing_path_param_returns_400" time="0.003" /><testcase classname="tests.unit.test_coverage_final.TestQuietHTTPRequestHandler" name="test_image_nonexistent_file_returns_404" time="0.003" /><testcase classname="tests.unit.test_coverage_final.TestQuietHTTPRequestHandler" name="test_non_image_file_served_as_jpeg" time="0.003" /><testcase classname="tests.unit.test_coverage_final.TestCommandsUncovered" name="test_env_command" time="0.011" /><testcase classname="tests.unit.test_coverage_final.TestCommandsUncovered" name="test_health_command" time="0.011" /><testcase classname="tests.unit.test_coverage_final.TestCommandsUncovered" name="test_health_command_with_args" time="0.005" /><testcase classname="tests.unit.test_coverage_final.TestCommandsUncovered" name="test_gguf_list_calls_print_all_models" time="0.004" /><testcase classname="tests.unit.test_coverage_final.TestCommandsUncovered" name="test_tools_command_no_tools" time="0.004" /><testcase classname="tests.unit.test_coverage_final.TestCommandsUncovered" name="test_a2a_off_no_orchestrator" time="0.004" /><testcase classname="tests.unit.test_coverage_final.TestCommandsUncovered" name="test_stats_format_metrics_summary" time="0.005" /><testcase classname="tests.unit.test_coverage_final.TestFetchUrlContentAsync" name="test_delegates_to_sync" time="0.004" /><testcase classname="tests.unit.test_coverage_final.TestFetchUrlContentAsync" name="test_passes_timeout" time="0.004" /><testcase classname="tests.unit.test_coverage_final.TestFetchFromSourceDirectly" name="test_known_source_returns_direct" time="0.003" /><testcase classname="tests.unit.test_coverage_final.TestFetchFromSourceDirectly" name="test_unknown_source_returns_no_config" time="0.003" /><testcase classname="tests.unit.test_coverage_final.TestFetchFromSourceDirectly" name="test_www_stripped" time="0.002" /><testcase classname="tests.unit.test_coverage_final.TestRagNode" name="test_stop_requested_returns_cancelled" time="0.003" /><testcase classname="tests.unit.test_coverage_final.TestRagNode" name="test_no_user_message_returns_error" time="0.003" /><testcase classname="tests.unit.test_coverage_final.TestRagNode" name="test_no_rag_tool_returns_unavailable" time="0.003" /><testcase classname="tests.unit.test_coverage_final.TestRagNode" name="test_rag_tool_exception_returns_error" time="0.004" /><testcase classname="tests.unit.test_coverage_final.TestRouterIngestPaths" name="test_ingest_with_stop_returns_ingest" time="0.003" /><testcase classname="tests.unit.test_coverage_final.TestRouterIngestPaths" name="test_ingest_with_multi_step_returns_continue" time="0.003" /><testcase classname="tests.unit.test_env_display.TestEnvDisplay" name="test_returns_string" time="0.003" /><testcase classname="tests.unit.test_env_display.TestEnvDisplay" name="test_non_empty" time="0.002" /><testcase classname="tests.unit.test_env_display.TestEnvDisplay" name="test_contains_header" time="0.003" /><testcase classname="tests.unit.test_env_display.TestEnvDisplay" name="test_no_crash_on_empty_env" time="0.002" /><testcase classname="tests.unit.test_env_display.TestEnvDisplay" name="test_plex_section_present" time="0.003" /><testcase classname="tests.unit.test_env_display.TestEnvDisplay" name="test_weather_section_present" time="0.003" /><testcase classname="tests.unit.test_env_display.TestEnvDisplay" name="test_a2a_section_present" time="0.002" /><testcase classname="tests.unit.test_env_display.TestEnvDisplay" name="test_agent_config_section_present" time="0.003" /><testcase classname="tests.unit.test_env_display.TestEnvDisplay" name="test_rag_section_present" time="0.002" /><testcase classname="tests.unit.test_env_display.TestEnvDisplay" name="test_plex_url_shown" time="0.002" /><testcase classname="tests.unit.test_env_display.TestEnvDisplay" name="test_plex_url_not_set_shown" time="0.003" /><testcase classname="tests.unit.test_env_display.TestEnvDisplay" name="test_weather_token_masked" time="0.003" /><testcase classname="tests.unit.test_env_display.TestEnvDisplay" name="test_ollama_token_masked" time="0.003" /><testcase classname="tests.unit.test_env_display.TestEnvDisplay" name="test_plex_token_masked" time="0.003" /><testcase classname="tests.unit.test_env_display.TestEnvDisplay" name="test_a2a_endpoints_shown" time="0.002" /><testcase classname="tests.unit.test_env_display.TestEnvDisplay" name="test_max_message_history_shown" time="0.003" /><testcase classname="tests.unit.test_env_display.TestEnvDisplay" name="test_concurrent_limit_shown" time="0.002" /><testcase classname="tests.unit.test_env_display.TestEnvDisplay" name="test_all_vars_set" time="0.002" /><testcase classname="tests.unit.test_intent_patterns.TestIntentPatterns" name="test_weather_pattern" time="0.002" /><testcase classname="tests.unit.test_intent_patterns.TestIntentPatterns" name="test_code_assistant_pattern" time="0.005" /><testcase classname="tests.unit.test_intent_patterns.TestIntentPatterns" name="test_plex_search_priority" time="0.002" /><testcase classname="tests.unit.test_intent_patterns.TestIntentPatterns" name="test_pattern_priority_ordering" time="0.002" /><testcase classname="tests.unit.test_intent_patterns.TestIntentPatterns" name="test_all_entries_have_required_fields" time="0.002" /><testcase classname="tests.unit.test_intent_patterns.TestIntentPatterns" name="test_catalog_is_not_empty" time="0.002" /><testcase classname="tests.unit.test_langgraph.TestClassifyError" name="test_timeout_error_is_retryable" time="0.002" /><testcase classname="tests.unit.test_langgraph.TestClassifyError" name="test_timeout_string_is_retryable" time="0.002" /><testcase classname="tests.unit.test_langgraph.TestClassifyError" name="test_rate_limit_is_retryable" time="0.002" /><testcase classname="tests.unit.test_langgraph.TestClassifyError" name="test_429_is_retryable" time="0.002" /><testcase classname="tests.unit.test_langgraph.TestClassifyError" name="test_connection_refused_is_retryable" time="0.002" /><testcase classname="tests.unit.test_langgraph.TestClassifyError" name="test_context_overflow_is_user_error" time="0.002" /><testcase classname="tests.unit.test_langgraph.TestClassifyError" name="test_requested_tokens_is_user_error" time="0.003" /><testcase classname="tests.unit.test_langgraph.TestClassifyError" name="test_invalid_param_is_user_error" time="0.002" /><testcase classname="tests.unit.test_langgraph.TestClassifyError" name="test_ollama_crash_is_upstream" time="0.002" /><testcase classname="tests.unit.test_langgraph.TestClassifyError" name="test_http_502_is_upstream" time="0.002" /><testcase classname="tests.unit.test_langgraph.TestClassifyError" name="test_plex_error_is_upstream" time="0.002" /><testcase classname="tests.unit.test_langgraph.TestClassifyError" name="test_unknown_error_is_internal" time="0.002" /><testcase classname="tests.unit.test_langgraph.TestClassifyError" name="test_generic_runtime_error_is_internal" time="0.002" /><testcase classname="tests.unit.test_langgraph.TestRecordFailure" name="test_records_failure_kind" time="0.002" /><testcase classname="tests.unit.test_langgraph.TestRecordFailure" name="test_records_multiple_failures" time="0.002" /><testcase classname="tests.unit.test_langgraph.TestRecordFailure" name="test_records_different_kinds" time="0.002" /><testcase classname="tests.unit.test_langgraph.TestLlmAinvoke" name="test_returns_llm_result" time="0.505" /><testcase classname="tests.unit.test_langgraph.TestLlmAinvoke" name="test_cancels_on_stop_signal" time="0.104" /><testcase classname="tests.unit.test_langgraph.TestLlmAinvoke" name="test_propagates_llm_exception" time="0.504" /><testcase classname="tests.unit.test_langgraph.TestHTMLTextExtractor" name="test_extracts_body_text" time="0.002" /><testcase classname="tests.unit.test_langgraph.TestHTMLTextExtractor" name="test_skips_script_tags" time="0.002" /><testcase classname="tests.unit.test_langgraph.TestHTMLTextExtractor" name="test_skips_style_tags" time="0.002" /><testcase classname="tests.unit.test_langgraph.TestHTMLTextExtractor" name="test_skips_nav_tags" time="0.003" /><testcase classname="tests.unit.test_langgraph.TestHTMLTextExtractor" name="test_extracts_title" time="0.002" /><testcase classname="tests.unit.test_langgraph.TestHTMLTextExtractor" name="test_untitled_returns_default" time="0.002" /><testcase classname="tests.unit.test_langgraph.TestHTMLTextExtractor" name="test_collapses_multiple_blank_lines" time="0.002" /><testcase classname="tests.unit.test_langgraph.TestHTMLTextExtractor" name="test_empty_html" time="0.003" /><testcase classname="tests.unit.test_langgraph.TestHTMLTextExtractor" name="test_multiple_paragraphs" time="0.002" /><testcase classname="tests.unit.test_langgraph.TestHTMLTextExtractor" name="test_skips_footer_and_header" time="0.002" /><testcase classname="tests.unit.test_langgraph.TestFetchUrlContentSync" name="test_success_returns_content" time="0.003" /><testcase classname="tests.unit.test_langgraph.TestFetchUrlContentSync" name="test_http_error_returns_failure" time="0.002" /><testcase classname="tests.unit.test_langgraph.TestFetchUrlContentSync" name="test_no_content_returns_failure" time="0.003" /><testcase classname="tests.unit.test_langgraph.TestFetchUrlContentSync" name="test_exception_returns_failure" time="0.003" /><testcase classname="tests.unit.test_langgraph.TestFetchUrlContentSync" name="test_truncates_large_content" time="0.002" /><testcase classname="tests.unit.test_langgraph.TestFetchUrlContentSync" name="test_title_extracted" time="0.002" /><testcase classname="tests.unit.test_langgraph.TestFetchUrlContentSync" name="test_url_with_special_chars_encoded" time="0.003" /><testcase classname="tests.unit.test_langgraph.TestRouter" name="test_stop_requested_returns_continue" time="0.003" /><testcase classname="tests.unit.test_langgraph.TestRouter" name="test_already_stopped_returns_continue" time="0.003" /><testcase classname="tests.unit.test_langgraph.TestRouter" name="test_ai_message_with_tool_calls_returns_tools" time="0.002" /><testcase classname="tests.unit.test_langgraph.TestRouter" name="test_ai_message_no_tool_calls_returns_continue" time="0.003" /><testcase classname="tests.unit.test_langgraph.TestRouter" name="test_research_sentinel_returns_research" time="0.003" /><testcase classname="tests.unit.test_langgraph.TestRouter" name="test_a2a_tool_message_returns_continue" time="0.003" /><testcase classname="tests.unit.test_langgraph.TestRouter" name="test_explicit_rag_returns_rag" time="0.003" /><testcase classname="tests.unit.test_langgraph.TestRouter" name="test_ingest_command_returns_ingest" time="0.002" /><testcase classname="tests.unit.test_langgraph.TestRouter" name="test_ingest_already_done_returns_continue" time="0.002" /><testcase classname="tests.unit.test_langgraph.TestRouter" name="test_status_query_returns_continue" time="0.002" /><testcase classname="tests.unit.test_langgraph.TestRouter" name="test_source_based_research_returns_research" time="0.003" /><testcase classname="tests.unit.test_langgraph.TestRouter" name="test_default_no_match_returns_continue" time="0.003" /><testcase classname="tests.unit.test_langgraph.TestShouldContinueAfterTools" name="test_no_feedback_returns_end" time="0.002" /><testcase classname="tests.unit.test_langgraph.TestShouldContinueAfterTools" name="test_tool_feedback_returns_agent" time="0.002" /><testcase classname="tests.unit.test_langgraph.TestShouldContinueAfterTools" name="test_empty_messages_returns_end" time="0.003" /><testcase classname="tests.unit.test_langgraph.TestShouldContinueAfterTools" name="test_feedback_only_in_last_5_messages" time="0.002" /><testcase classname="tests.unit.test_langgraph.TestCreateLangGraphAgent" name="test_creates_agent_successfully" time="0.092" /><testcase classname="tests.unit.test_langgraph.TestCreateLangGraphAgent" name="test_agent_has_ainvoke" time="0.084" /><testcase classname="tests.unit.test_langgraph.TestCreateLangGraphAgent" name="test_stop_signal_cancels_call_model" time="0.084" /><testcase classname="tests.unit.test_langgraph.TestCreateLangGraphAgent" name="test_agent_with_bound_llm" time="0.084" /><testcase classname="tests.unit.test_langgraph.TestRunAgentErrorPaths" name="test_context_overflow_auto_recovers" time="0.006" /><testcase classname="tests.unit.test_langgraph.TestRunAgentErrorPaths" name="test_ollama_crash_handled_gracefully" time="0.006" /><testcase classname="tests.unit.test_langgraph.TestRunAgentErrorPaths" name="test_generic_error_returns_error_message" time="0.005" /><testcase classname="tests.unit.test_langgraph.TestRunAgentErrorPaths" name="test_successful_run_returns_messages" time="0.005" /><testcase classname="tests.unit.test_langgraph.TestRunAgentErrorPaths" name="test_stop_signal_cleared_before_run" time="0.006" /><testcase classname="tests.unit.test_langgraph_coverage.TestIngestNode" name="test_ingest_stop_signal_exits_early" time="0.096" /><testcase classname="tests.unit.test_langgraph_coverage.TestIngestNode" name="test_ingest_no_tool_returns_unavailable" time="0.092" /><testcase classname="tests.unit.test_langgraph_coverage.TestIngestNode" name="test_ingest_success_with_stats" time="0.093" /><testcase classname="tests.unit.test_langgraph_coverage.TestIngestNode" name="test_ingest_success_with_failures" time="0.091" /><testcase classname="tests.unit.test_langgraph_coverage.TestIngestNode" name="test_ingest_tool_exception_handled" time="0.093" /><testcase classname="tests.unit.test_langgraph_coverage.TestRagNodeFullPath" name="test_rag_success_with_results" time="0.093" /><testcase classname="tests.unit.test_langgraph_coverage.TestRagNodeFullPath" name="test_rag_empty_results" time="0.095" /><testcase classname="tests.unit.test_langgraph_coverage.TestRagNodeFullPath" name="test_rag_tool_exception_returns_error" time="0.089" /><testcase classname="tests.unit.test_langgraph_coverage.TestRagNodeFullPath" name="test_rag_malformed_json_handled" time="0.093" /><testcase classname="tests.unit.test_langgraph_coverage.TestToolFeedbackLoop" name="test_tool_needs_improvement_injects_feedback" time="0.094" /><testcase classname="tests.unit.test_langgraph_coverage.TestToolFeedbackLoop" name="test_tool_low_quality_triggers_feedback" time="0.096" /><testcase classname="tests.unit.test_langgraph_coverage.TestToolFeedbackLoop" name="test_tool_exception_returns_error_toolmessage" time="0.096" /><testcase classname="tests.unit.test_langgraph_coverage.TestToolFeedbackLoop" name="test_plex_ingest_result_formatted_in_tool_node" time="0.095" /><testcase classname="tests.unit.test_langgraph_coverage.TestSearchAndFetchSource" name="test_url_source_fetched_directly" time="0.497" /><testcase classname="tests.unit.test_langgraph_coverage.TestSearchAndFetchSource" name="test_url_fetch_failure_falls_through" time="0.005" /><testcase classname="tests.unit.test_langgraph_coverage.TestSearchAndFetchSource" name="test_domain_source_no_config" time="0.004" /><testcase classname="tests.unit.test_langgraph_coverage.TestSearchAndFetchSource" name="test_store_in_rag_called_when_tool_provided" time="0.262" /><testcase classname="tests.unit.test_langgraph_coverage.TestSearchAndFetchSource" name="test_no_rag_tool_skips_storage" time="0.268" /><testcase classname="tests.unit.test_langgraph_coverage.TestCallModelResearchDetection" name="test_url_in_message_triggers_research_sentinel" time="0.764" /><testcase classname="tests.unit.test_langgraph_coverage.TestCallModelResearchDetection" name="test_multiple_sources_detected" time="1.073" /><testcase classname="tests.unit.test_langgraph_graph.TestGraphBasicExecution" name="test_simple_response_returned" time="0.596" /><testcase classname="tests.unit.test_langgraph_graph.TestGraphBasicExecution" name="test_current_model_in_result" time="0.594" /><testcase classname="tests.unit.test_langgraph_graph.TestGraphBasicExecution" name="test_user_message_appended_to_history" time="0.590" /><testcase classname="tests.unit.test_langgraph_graph.TestGraphBasicExecution" name="test_system_message_preserved" time="0.591" /><testcase classname="tests.unit.test_langgraph_graph.TestGraphBasicExecution" name="test_system_message_created_if_missing" time="0.593" /><testcase classname="tests.unit.test_langgraph_graph.TestGraphBasicExecution" name="test_ai_response_appended_to_history" time="0.592" /><testcase classname="tests.unit.test_langgraph_graph.TestGraphBasicExecution" name="test_multi_turn_history_preserved" time="1.175" /><testcase classname="tests.unit.test_langgraph_graph.TestCallModelStopSignal" name="test_stop_before_invoke_cancels" time="0.607" /><testcase classname="tests.unit.test_langgraph_graph.TestCallModelStopSignal" name="test_stop_cleared_at_start_of_run" time="0.602" /><testcase classname="tests.unit.test_langgraph_graph.TestCallModelToolPath" name="test_tool_calls_dispatched" time="0.595" /><testcase classname="tests.unit.test_langgraph_graph.TestCallModelToolPath" name="test_tool_result_in_messages" time="0.594" /><testcase classname="tests.unit.test_langgraph_graph.TestCallModelToolPath" name="test_tool_not_found_returns_error_message" time="0.593" /><testcase classname="tests.unit.test_langgraph_graph.TestCallModelToolPath" name="test_multiple_tool_calls_handled" time="0.596" /><testcase classname="tests.unit.test_langgraph_graph.TestCallModelToolPath" name="test_tool_stop_signal_during_execution" time="0.097" /><testcase classname="tests.unit.test_langgraph_graph.TestCallModelOllamaSearch" name="test_ollama_search_not_available" time="0.093" /><testcase classname="tests.unit.test_langgraph_graph.TestCallModelOllamaSearch" name="test_ollama_search_success_path" time="0.592" /><testcase classname="tests.unit.test_langgraph_graph.TestCallModelOllamaSearch" name="test_ollama_search_no_results" time="0.792" /><testcase classname="tests.unit.test_langgraph_graph.TestCallModelOllamaSearch" name="test_ollama_search_exception_handled" time="0.094" /><testcase classname="tests.unit.test_langgraph_graph.TestCallModelResearchPath" name="test_research_sources_detected_emits_sentinel" time="1.016" /><testcase classname="tests.unit.test_langgraph_graph.TestCallModelResearchPath" name="test_research_sentinel_routes_to_research_node" time="0.870" /><testcase classname="tests.unit.test_langgraph_graph.TestMessageWindowing" name="test_llm_sees_windowed_messages" time="0.596" /><testcase classname="tests.unit.test_langgraph_graph.TestMessageWindowing" name="test_full_history_preserved_in_state" time="0.589" /><testcase classname="tests.unit.test_langgraph_graph.TestRunAgentErrorHandling" name="test_context_overflow_auto_recovery" time="0.094" /><testcase classname="tests.unit.test_langgraph_graph.TestRunAgentErrorHandling" name="test_context_overflow_minimal_history" time="0.088" /><testcase classname="tests.unit.test_langgraph_graph.TestRunAgentErrorHandling" name="test_ollama_crash_handled" time="0.092" /><testcase classname="tests.unit.test_langgraph_graph.TestRunAgentErrorHandling" name="test_generic_exception_handled" time="0.093" /><testcase classname="tests.unit.test_langgraph_graph.TestRunAgentErrorHandling" name="test_metrics_incremented_on_error" time="0.096" /><testcase classname="tests.unit.test_langgraph_graph.TestRunAgentErrorHandling" name="test_metrics_incremented_on_success" time="0.594" /><testcase classname="tests.unit.test_langgraph_graph.TestRunAgentErrorHandling" name="test_agent_times_recorded" time="0.592" /><testcase classname="tests.unit.test_langgraph_graph.TestRagNodePath" name="test_explicit_rag_query_routes_to_rag" time="0.593" /><testcase classname="tests.unit.test_langgraph_graph.TestRagNodePath" name="test_rag_no_tool_returns_unavailable" time="0.595" /><testcase classname="tests.unit.test_langgraph_graph.TestCreateLangGraphAgentStructure" name="test_agent_has_ainvoke" time="0.087" /><testcase classname="tests.unit.test_langgraph_graph.TestCreateLangGraphAgentStructure" name="test_agent_created_with_empty_tools" time="0.086" /><testcase classname="tests.unit.test_langgraph_graph.TestCreateLangGraphAgentStructure" name="test_agent_created_with_multiple_tools" time="0.088" /><testcase classname="tests.unit.test_langgraph_graph.TestCreateLangGraphAgentStructure" name="test_bound_llm_extracted" time="0.087" /><testcase classname="tests.unit.test_langgraph_rag_memory.TestSessionIdInjection" name="test_session_id_injected_into_new_system_message" time="0.091" /><testcase classname="tests.unit.test_langgraph_rag_memory.TestSessionIdInjection" name="test_session_id_injected_into_existing_system_message" time="0.092" /><testcase classname="tests.unit.test_langgraph_rag_memory.TestSessionIdInjection" name="test_session_id_not_duplicated_on_second_call" time="0.174" /><testcase classname="tests.unit.test_langgraph_rag_memory.TestSessionIdInjection" name="test_no_session_id_no_injection" time="0.089" /><testcase classname="tests.unit.test_langgraph_rag_memory.TestSessionIdInjection" name="test_session_id_in_llm_messages" time="0.091" /><testcase classname="tests.unit.test_langgraph_rag_memory.TestOverflowIngestion" name="test_overflow_turns_ingested" time="0.093" /><testcase classname="tests.unit.test_langgraph_rag_memory.TestOverflowIngestion" name="test_overflow_ingested_as_paired_chunks" time="0.096" /><testcase classname="tests.unit.test_langgraph_rag_memory.TestOverflowIngestion" name="test_overflow_source_contains_session_id" time="0.094" /><testcase classname="tests.unit.test_langgraph_rag_memory.TestOverflowIngestion" name="test_no_overflow_no_rag_add" time="0.092" /><testcase classname="tests.unit.test_langgraph_rag_memory.TestOverflowIngestion" name="test_no_rag_add_tool_overflow_silently_skipped" time="0.108" /><testcase classname="tests.unit.test_langgraph_rag_memory.TestOverflowIngestion" name="test_overflow_rag_add_failure_does_not_crash" time="0.097" /><testcase classname="tests.unit.test_langgraph_rag_memory.TestAutoRagRetrieval" name="test_rag_results_injected_as_system_message" time="0.092" /><testcase classname="tests.unit.test_langgraph_rag_memory.TestAutoRagRetrieval" name="test_rag_source_shown_in_injection" time="0.092" /><testcase classname="tests.unit.test_langgraph_rag_memory.TestAutoRagRetrieval" name="test_empty_rag_results_no_injection" time="0.091" /><testcase classname="tests.unit.test_langgraph_rag_memory.TestAutoRagRetrieval" name="test_rag_search_called_with_user_message" time="0.093" /><testcase classname="tests.unit.test_langgraph_rag_memory.TestAutoRagRetrieval" name="test_rag_search_failure_does_not_crash" time="0.095" /><testcase classname="tests.unit.test_langgraph_rag_memory.TestAutoRagRetrieval" name="test_no_rag_search_tool_skips_retrieval" time="0.093" /><testcase classname="tests.unit.test_langgraph_rag_memory.TestAutoRagRetrieval" name="test_rag_capped_at_five_results" time="0.095" /><testcase classname="tests.unit.test_langgraph_rag_memory.TestAutoRagRetrieval" name="test_rag_malformed_json_response_handled" time="0.095" /><testcase classname="tests.unit.test_langgraph_rag_memory.TestAutoRagRetrieval" name="test_old_conversation_turn_retrieved_via_rag" time="0.094" /><testcase classname="tests.unit.test_llm_backend.TestGetBackendType" name="test_defaults_to_ollama" time="0.002" /><testcase classname="tests.unit.test_llm_backend.TestGetBackendType" name="test_reads_from_env" time="0.002" /><testcase classname="tests.unit.test_llm_backend.TestGetBackendType" name="test_lowercases_value" time="0.002" /><testcase classname="tests.unit.test_llm_backend.TestCreateLlmOllama" name="test_create_ollama_llm" time="0.003" /><testcase classname="tests.unit.test_llm_backend.TestCreateLlmOllama" name="test_create_passes_base_url" time="0.003" /><testcase classname="tests.unit.test_llm_backend.TestCreateLlmOllama" name="test_cached_model_not_reloaded" time="0.003" /><testcase classname="tests.unit.test_llm_backend.TestCreateLlmOllama" name="test_different_model_reloads" time="0.004" /><testcase classname="tests.unit.test_llm_backend.TestCreateLlmOllama" name="test_temperature_passed_through" time="0.003" /><testcase classname="tests.unit.test_llm_backend.TestCreateLlmOllama" name="test_unknown_backend_raises" time="0.003" /><testcase classname="tests.unit.test_llm_backend.TestCreateLlmGGUF" name="test_gguf_model_not_in_registry_raises" time="0.020" /><testcase classname="tests.unit.test_llm_backend.TestCreateLlmGGUF" name="test_gguf_file_not_found_raises" time="0.004" /><testcase classname="tests.unit.test_llm_backend.TestGGUFRegistryIO" name="test_load_empty_when_no_file" time="0.003" /><testcase classname="tests.unit.test_llm_backend.TestGGUFRegistryIO" name="test_load_returns_dict" time="0.003" /><testcase classname="tests.unit.test_llm_backend.TestGGUFRegistryIO" name="test_load_handles_corrupt_json" time="0.003" /><testcase classname="tests.unit.test_llm_backend.TestGGUFRegistryIO" name="test_save_writes_json" time="0.003" /><testcase classname="tests.unit.test_llm_backend.TestGGUFAddModel" name="test_add_nonexistent_file_raises" time="0.003" /><testcase classname="tests.unit.test_llm_backend.TestGGUFAddModel" name="test_add_non_gguf_extension_raises" time="0.005" /><testcase classname="tests.unit.test_llm_backend.TestGGUFAddModel" name="test_add_too_small_file_raises" time="0.003" /><testcase classname="tests.unit.test_llm_backend.TestGGUFAddModel" name="test_add_valid_model" time="0.005" /><testcase classname="tests.unit.test_llm_backend.TestGGUFAddModel" name="test_add_overwrites_existing_alias" time="0.009" /><testcase classname="tests.unit.test_llm_backend.TestGGUFRemoveModel" name="test_remove_existing" time="0.003" /><testcase classname="tests.unit.test_llm_backend.TestGGUFRemoveModel" name="test_remove_nonexistent_returns_false" time="0.004" /><testcase classname="tests.unit.test_llm_backend.TestGGUFListModels" name="test_list_empty" time="0.003" /><testcase classname="tests.unit.test_llm_backend.TestGGUFListModels" name="test_list_returns_aliases" time="0.003" /><testcase classname="tests.unit.test_llm_backend.TestGGUFListModels" name="test_get_models_full_info" time="0.003" /><testcase classname="tests.unit.test_llm_backend.TestGGUFListModels" name="test_get_model_info_found" time="0.004" /><testcase classname="tests.unit.test_llm_backend.TestGGUFListModels" name="test_get_model_info_missing_returns_none" time="0.003" /><testcase classname="tests.unit.test_llm_backend.TestGGUFValidateModel" name="test_validate_not_in_registry" time="0.004" /><testcase classname="tests.unit.test_llm_backend.TestGGUFValidateModel" name="test_validate_file_missing" time="0.003" /><testcase classname="tests.unit.test_llm_backend.TestGGUFValidateModel" name="test_validate_valid_file" time="0.006" /><testcase classname="tests.unit.test_logging_handler.TestLoggingHandlerImport" name="test_module_importable" time="0.010" /><testcase classname="tests.unit.test_logging_handler.TestWebSocketLogHandler" name="test_handler_instantiates" time="0.002" /><testcase classname="tests.unit.test_logging_handler.TestWebSocketLogHandler" name="test_handler_is_logging_handler" time="0.003" /><testcase classname="tests.unit.test_logging_handler.TestWebSocketLogHandler" name="test_emit_with_no_clients_does_not_crash" time="0.003" /><testcase classname="tests.unit.test_logging_handler.TestWebSocketLogHandler" name="test_emit_with_mock_client" time="0.003" /><testcase classname="tests.unit.test_logging_handler.TestWebSocketLogHandler" name="test_emit_formats_level_correctly" time="0.003" /><testcase classname="tests.unit.test_logging_handler.TestLogHandlerSetup" name="test_setup_logging_function_exists" time="0.003" /><testcase classname="tests.unit.test_logging_handler.TestLogHandlerSetup" name="test_no_crash_on_import_with_no_ws" time="0.009" /><testcase classname="tests.unit.test_logging_handler.TestLogRecordFormatting" name="test_log_record_message_preserved" time="0.003" /><testcase classname="tests.unit.test_logging_handler.TestLogRecordFormatting" name="test_exception_in_emit_does_not_propagate" time="0.003" /><testcase classname="tests.unit.test_memory_and_proactive.TestMemoryDbSchema" name="test_ensure_db_creates_memory_db" time="0.044" /><testcase classname="tests.unit.test_memory_and_proactive.TestMemoryDbSchema" name="test_memories_table_has_embedding_column" time="0.030" /><testcase classname="tests.unit.test_memory_and_proactive.TestMemoryDbSchema" name="test_sessions_db_migration_adds_consolidated_at" time="0.029" /><testcase classname="tests.unit.test_memory_and_proactive.TestMemoryDbSchema" name="test_migration_is_idempotent" time="0.030" /><testcase classname="tests.unit.test_memory_and_proactive.TestMemoryDbSchema" name="test_embedding_migration_on_existing_db" time="0.033" /><testcase classname="tests.unit.test_memory_and_proactive.TestConsolidationGuard" name="test_is_consolidated_false_when_null" time="0.038" /><testcase classname="tests.unit.test_memory_and_proactive.TestConsolidationGuard" name="test_mark_and_check_consolidated" time="0.038" /><testcase classname="tests.unit.test_memory_and_proactive.TestConsolidationGuard" name="test_is_consolidated_false_for_missing_session" time="0.030" /><testcase classname="tests.unit.test_memory_and_proactive.TestTranscriptBuilding" name="test_get_transcript_from_db" time="0.034" /><testcase classname="tests.unit.test_memory_and_proactive.TestTranscriptBuilding" name="test_get_transcript_empty_for_missing_session" time="0.032" /><testcase classname="tests.unit.test_memory_and_proactive.TestTranscriptBuilding" name="test_get_transcript_via_session_manager" time="0.013" /><testcase classname="tests.unit.test_memory_and_proactive.TestMemoryParsing" name="test_parse_valid_json_array" time="0.002" /><testcase classname="tests.unit.test_memory_and_proactive.TestMemoryParsing" name="test_parse_strips_markdown_fences" time="0.003" /><testcase classname="tests.unit.test_memory_and_proactive.TestMemoryParsing" name="test_parse_empty_array" time="0.002" /><testcase classname="tests.unit.test_memory_and_proactive.TestMemoryParsing" name="test_parse_invalid_json_returns_empty" time="0.003" /><testcase classname="tests.unit.test_memory_and_proactive.TestMemoryParsing" name="test_parse_importance_bounds" time="0.003" /><testcase classname="tests.unit.test_memory_and_proactive.TestConsolidate" name="test_consolidate_writes_memories" time="0.048" /><testcase classname="tests.unit.test_memory_and_proactive.TestConsolidate" name="test_consolidate_skips_already_consolidated" time="0.038" /><testcase classname="tests.unit.test_memory_and_proactive.TestConsolidate" name="test_consolidate_skips_short_transcript" time="0.039" /><testcase classname="tests.unit.test_memory_and_proactive.TestConsolidate" name="test_consolidate_marks_session_after_empty_result" time="0.038" /><testcase classname="tests.unit.test_memory_and_proactive.TestConsolidate" name="test_consolidate_clamps_importance" time="0.038" /><testcase classname="tests.unit.test_memory_and_proactive.TestMemoryVectorSearch" name="test_inject_falls_back_to_importance_sort_when_no_query" time="0.065" /><testcase classname="tests.unit.test_memory_and_proactive.TestMemoryVectorSearch" name="test_inject_returns_base_when_no_memories" time="0.320" /><testcase classname="tests.unit.test_memory_and_proactive.TestMemoryVectorSearch" name="test_inject_with_query_uses_vector_search" time="0.040" /><testcase classname="tests.unit.test_memory_and_proactive.TestMemoryVectorSearch" name="test_inject_falls_back_when_embed_fails" time="0.036" /><testcase classname="tests.unit.test_memory_and_proactive.TestMemoryVectorSearch" name="test_touch_increments_access_count" time="0.036" /><testcase classname="tests.unit.test_memory_and_proactive.TestNightlyPromotion" name="test_promotes_frequently_accessed" time="0.039" /><testcase classname="tests.unit.test_memory_and_proactive.TestNightlyPromotion" name="test_does_not_promote_below_threshold" time="0.038" /><testcase classname="tests.unit.test_memory_and_proactive.TestMemoryCommandHandler" name="test_memory_list_empty" time="0.029" /><testcase classname="tests.unit.test_memory_and_proactive.TestMemoryCommandHandler" name="test_memory_list_shows_entries" time="0.033" /><testcase classname="tests.unit.test_memory_and_proactive.TestMemoryCommandHandler" name="test_memory_filter_semantic" time="0.037" /><testcase classname="tests.unit.test_memory_and_proactive.TestMemoryCommandHandler" name="test_memory_filter_episodic" time="0.037" /><testcase classname="tests.unit.test_memory_and_proactive.TestMemoryCommandHandler" name="test_memory_forget_valid_id" time="0.041" /><testcase classname="tests.unit.test_memory_and_proactive.TestMemoryCommandHandler" name="test_memory_forget_invalid_id" time="0.032" /><testcase classname="tests.unit.test_memory_and_proactive.TestMemoryCommandHandler" name="test_memory_clear_episodic" time="0.046" /><testcase classname="tests.unit.test_memory_and_proactive.TestMemoryCommandHandler" name="test_memory_clear_session" time="0.038" /><testcase classname="tests.unit.test_memory_and_proactive.TestMemoryCommandHandler" name="test_memory_clear_session_not_found" time="0.029" /><testcase classname="tests.unit.test_memory_and_proactive.TestMemoryCommandHandler" name="test_memory_clear_session_missing_id" time="0.030" /><testcase classname="tests.unit.test_memory_and_proactive.TestMemoryCommandHandler" name="test_memory_unknown_subcommand" time="0.035" /><testcase classname="tests.unit.test_memory_and_proactive.TestSchedulerJobCRUD" name="test_create_and_list_job" time="0.025" /><testcase classname="tests.unit.test_memory_and_proactive.TestSchedulerJobCRUD" name="test_get_job_by_id" time="0.012" /><testcase classname="tests.unit.test_memory_and_proactive.TestSchedulerJobCRUD" name="test_get_job_missing_returns_none" time="0.009" /><testcase classname="tests.unit.test_memory_and_proactive.TestSchedulerJobCRUD" name="test_find_job_by_label_partial_match" time="0.014" /><testcase classname="tests.unit.test_memory_and_proactive.TestSchedulerJobCRUD" name="test_find_job_by_label_case_insensitive" time="0.013" /><testcase classname="tests.unit.test_memory_and_proactive.TestSchedulerJobCRUD" name="test_set_job_enabled_false" time="0.016" /><testcase classname="tests.unit.test_memory_and_proactive.TestSchedulerJobCRUD" name="test_set_job_enabled_true" time="0.021" /><testcase classname="tests.unit.test_memory_and_proactive.TestSchedulerJobCRUD" name="test_delete_job" time="0.016" /><testcase classname="tests.unit.test_memory_and_proactive.TestSchedulerJobCRUD" name="test_record_run_increments_count" time="0.020" /><testcase classname="tests.unit.test_memory_and_proactive.TestSchedulerJobCRUD" name="test_create_condition_job" time="0.013" /><testcase classname="tests.unit.test_memory_and_proactive.TestCronToHuman" name="test_every_day" time="0.003" /><testcase classname="tests.unit.test_memory_and_proactive.TestCronToHuman" name="test_weekdays" time="0.003" /><testcase classname="tests.unit.test_memory_and_proactive.TestCronToHuman" name="test_weekends" time="0.003" /><testcase classname="tests.unit.test_memory_and_proactive.TestCronToHuman" name="test_specific_days" time="0.003" /><testcase classname="tests.unit.test_memory_and_proactive.TestCronToHuman" name="test_invalid_cron_returned_as_is" time="0.004" /><testcase classname="tests.unit.test_memory_and_proactive.TestCronToHuman" name="test_empty_string" time="0.003" /><testcase classname="tests.unit.test_memory_and_proactive.TestJobsCommandHandler" name="test_jobs_empty" time="0.009" /><testcase classname="tests.unit.test_memory_and_proactive.TestJobsCommandHandler" name="test_jobs_lists_jobs" time="0.013" /><testcase classname="tests.unit.test_memory_and_proactive.TestJobsCommandHandler" name="test_jobs_pause" time="0.017" /><testcase classname="tests.unit.test_memory_and_proactive.TestJobsCommandHandler" name="test_jobs_enable" time="0.028" /><testcase classname="tests.unit.test_memory_and_proactive.TestJobsCommandHandler" name="test_jobs_cancel" time="0.018" /><testcase classname="tests.unit.test_memory_and_proactive.TestJobsCommandHandler" name="test_jobs_info" time="0.013" /><testcase classname="tests.unit.test_memory_and_proactive.TestJobsCommandHandler" name="test_jobs_unknown_label" time="0.008" /><testcase classname="tests.unit.test_memory_and_proactive.TestJobsCommandHandler" name="test_jobs_unknown_subcommand" time="0.003" /><testcase classname="tests.unit.test_memory_and_proactive.TestJobsCommandHandler" name="test_jobs_shows_active_status" time="0.013" /><testcase classname="tests.unit.test_memory_and_proactive.TestJobsCommandHandler" name="test_jobs_shows_paused_status" time="0.016" /><testcase classname="tests.unit.test_memory_and_proactive.TestSchedulingKeywordDetection" name="test_detects_scheduling_requests[do a day briefing every day at 5:30am]" time="0.003" /><testcase classname="tests.unit.test_memory_and_proactive.TestSchedulingKeywordDetection" name="test_detects_scheduling_requests[run a Gmail summary every weekday at 8am]" time="0.003" /><testcase classname="tests.unit.test_memory_and_proactive.TestSchedulingKeywordDetection" name="test_detects_scheduling_requests[schedule the weather check daily]" time="0.003" /><testcase classname="tests.unit.test_memory_and_proactive.TestSchedulingKeywordDetection" name="test_detects_scheduling_requests[remind me every Monday at 9am]" time="0.003" /><testcase classname="tests.unit.test_memory_and_proactive.TestSchedulingKeywordDetection" name="test_detects_scheduling_requests[alert me when unread count is over 10]" time="0.003" /><testcase classname="tests.unit.test_memory_and_proactive.TestSchedulingKeywordDetection" name="test_detects_scheduling_requests[check this every hour]" time="0.003" /><testcase classname="tests.unit.test_memory_and_proactive.TestSchedulingKeywordDetection" name="test_detects_scheduling_requests[run at 7am]" time="0.003" /><testcase classname="tests.unit.test_memory_and_proactive.TestSchedulingKeywordDetection" name="test_does_not_flag_normal_messages[what's the weather today?]" time="0.003" /><testcase classname="tests.unit.test_memory_and_proactive.TestSchedulingKeywordDetection" name="test_does_not_flag_normal_messages[show me my emails]" time="0.003" /><testcase classname="tests.unit.test_memory_and_proactive.TestSchedulingKeywordDetection" name="test_does_not_flag_normal_messages[hello how are you]" time="0.003" /><testcase classname="tests.unit.test_memory_and_proactive.TestSchedulingKeywordDetection" name="test_does_not_flag_normal_messages[what did we discuss]" time="0.003" /><testcase classname="tests.unit.test_memory_and_proactive.TestSchedulingKeywordDetection" name="test_does_not_flag_normal_messages[:jobs]" time="0.003" /><testcase classname="tests.unit.test_memory_and_proactive.TestSchedulingKeywordDetection" name="test_does_not_flag_normal_messages[:memory]" time="0.003" /><testcase classname="tests.unit.test_memory_and_proactive.TestScheduleParser" name="test_parses_cron_confirmation" time="0.004" /><testcase classname="tests.unit.test_memory_and_proactive.TestScheduleParser" name="test_parses_condition_confirmation" time="0.003" /><testcase classname="tests.unit.test_memory_and_proactive.TestScheduleParser" name="test_returns_clarification_when_missing_time" time="0.003" /><testcase classname="tests.unit.test_memory_and_proactive.TestScheduleParser" name="test_returns_clarification_on_bad_json" time="0.004" /><testcase classname="tests.unit.test_memory_and_proactive.TestScheduleParser" name="test_returns_clarification_on_missing_required_fields" time="0.004" /><testcase classname="tests.unit.test_memory_and_proactive.TestScheduleParser" name="test_llm_failure_returns_clarification" time="0.004" /><testcase classname="tests.unit.test_memory_and_proactive.TestScheduleParser" name="test_confirmation_render_shows_key_fields" time="0.003" /><testcase classname="tests.unit.test_memory_and_proactive.TestScheduleParser" name="test_clarification_render" time="0.003" /><testcase classname="tests.unit.test_memory_and_proactive.TestConfirmationTracker" name="test_set_and_get_pending" time="0.003" /><testcase classname="tests.unit.test_memory_and_proactive.TestConfirmationTracker" name="test_clear_removes_pending" time="0.002" /><testcase classname="tests.unit.test_memory_and_proactive.TestConfirmationTracker" name="test_get_pending_missing_session" time="0.003" /><testcase classname="tests.unit.test_memory_and_proactive.TestConfirmationTracker" name="test_is_yes[yes]" time="0.003" /><testcase classname="tests.unit.test_memory_and_proactive.TestConfirmationTracker" name="test_is_yes[y]" time="0.003" /><testcase classname="tests.unit.test_memory_and_proactive.TestConfirmationTracker" name="test_is_yes[confirm]" time="0.003" /><testcase classname="tests.unit.test_memory_and_proactive.TestConfirmationTracker" name="test_is_yes[ok]" time="0.002" /><testcase classname="tests.unit.test_memory_and_proactive.TestConfirmationTracker" name="test_is_yes[sure]" time="0.003" /><testcase classname="tests.unit.test_memory_and_proactive.TestConfirmationTracker" name="test_is_yes[yep]" time="0.003" /><testcase classname="tests.unit.test_memory_and_proactive.TestConfirmationTracker" name="test_is_not_yes[no]" time="0.003" /><testcase classname="tests.unit.test_memory_and_proactive.TestConfirmationTracker" name="test_is_not_yes[n]" time="0.003" /><testcase classname="tests.unit.test_memory_and_proactive.TestConfirmationTracker" name="test_is_not_yes[cancel]" time="0.003" /><testcase classname="tests.unit.test_memory_and_proactive.TestConfirmationTracker" name="test_is_not_yes[nope]" time="0.003" /><testcase classname="tests.unit.test_memory_and_proactive.TestConfirmationTracker" name="test_is_not_yes[nah]" time="0.003" /><testcase classname="tests.unit.test_memory_and_proactive.TestConfirmationTracker" name="test_is_confirmation[yes]" time="0.002" /><testcase classname="tests.unit.test_memory_and_proactive.TestConfirmationTracker" name="test_is_confirmation[no]" time="0.003" /><testcase classname="tests.unit.test_memory_and_proactive.TestConfirmationTracker" name="test_is_confirmation[confirm]" time="0.003" /><testcase classname="tests.unit.test_memory_and_proactive.TestConfirmationTracker" name="test_is_confirmation[cancel]" time="0.003" /><testcase classname="tests.unit.test_memory_and_proactive.TestConfirmationTracker" name="test_not_confirmation_for_regular_message" time="0.004" /><testcase classname="tests.unit.test_memory_and_proactive.TestAgentScheduler" name="test_start_without_apscheduler_logs_warning" time="0.006" /><testcase classname="tests.unit.test_memory_and_proactive.TestAgentScheduler" name="test_fire_job_calls_execute_and_broadcast" time="0.019" /><testcase classname="tests.unit.test_memory_and_proactive.TestAgentScheduler" name="test_fire_job_broadcasts_error_on_failure" time="0.018" /><testcase classname="tests.unit.test_memory_and_proactive.TestAgentScheduler" name="test_condition_check_fires_when_true" time="0.023" /><testcase classname="tests.unit.test_memory_and_proactive.TestAgentScheduler" name="test_condition_check_does_not_fire_when_false" time="0.017" /><testcase classname="tests.unit.test_memory_and_proactive.TestConsolidationMsgCount" name="test_migration_adds_consolidated_msg_count" time="0.034" /><testcase classname="tests.unit.test_memory_and_proactive.TestConsolidationMsgCount" name="test_is_consolidated_false_when_no_msg_count" time="0.039" /><testcase classname="tests.unit.test_memory_and_proactive.TestConsolidationMsgCount" name="test_is_consolidated_true_when_no_new_messages" time="0.041" /><testcase classname="tests.unit.test_memory_and_proactive.TestConsolidationMsgCount" name="test_is_consolidated_false_when_new_messages_added" time="0.040" /><testcase classname="tests.unit.test_memory_and_proactive.TestConsolidationMsgCount" name="test_mark_consolidated_stores_message_count" time="0.036" /><testcase classname="tests.unit.test_memory_and_proactive.TestConsolidationMsgCount" name="test_consolidate_reruns_after_new_messages" time="0.046" /><testcase classname="tests.unit.test_memory_and_proactive.TestConsolidationMsgCount" name="test_consolidate_skips_when_no_new_messages" time="0.045" /><testcase classname="tests.unit.test_memory_and_proactive.TestMemoryAddDedup" name="test_memory_add_inserts_semantic_memory" time="0.034" /><testcase classname="tests.unit.test_memory_and_proactive.TestMemoryAddDedup" name="test_memory_add_rejects_duplicate" time="0.034" /><testcase classname="tests.unit.test_memory_and_proactive.TestMemoryAddDedup" name="test_memory_add_rejects_empty" time="0.029" /><testcase classname="tests.unit.test_memory_and_proactive.TestMemoryAddDedup" name="test_memory_dedup_removes_duplicates" time="0.042" /><testcase classname="tests.unit.test_memory_and_proactive.TestMemoryAddDedup" name="test_memory_dedup_keeps_highest_importance" time="0.041" /><testcase classname="tests.unit.test_memory_and_proactive.TestMemoryAddDedup" name="test_memory_dedup_no_duplicates" time="0.039" /><testcase classname="tests.unit.test_memory_and_proactive.TestManualConsolidateClearsFlag" name="test_consolidate_command_clears_consolidated_at" time="0.042" /><testcase classname="tests.unit.test_memory_and_proactive.TestManualConsolidateClearsFlag" name="test_consolidate_command_missing_id_shows_usage" time="0.034" /><testcase classname="tests.unit.test_memory_enhancements.TestCosineSimilarity" name="test_identical_vectors_return_one" time="0.004" /><testcase classname="tests.unit.test_memory_enhancements.TestCosineSimilarity" name="test_orthogonal_vectors_return_zero" time="0.003" /><testcase classname="tests.unit.test_memory_enhancements.TestCosineSimilarity" name="test_opposite_vectors_return_minus_one" time="0.003" /><testcase classname="tests.unit.test_memory_enhancements.TestCosineSimilarity" name="test_handles_zero_vector_gracefully" time="0.003" /><testcase classname="tests.unit.test_memory_enhancements.TestCosineSimilarity" name="test_handles_corrupt_bytes_gracefully" time="0.003" /><testcase classname="tests.unit.test_memory_enhancements.TestTransientFiltering" name="test_extract_prompt_excludes_calendar_events" time="0.003" /><testcase classname="tests.unit.test_memory_enhancements.TestTransientFiltering" name="test_extract_prompt_mentions_durable_facts" time="0.003" /><testcase classname="tests.unit.test_memory_enhancements.TestTransientFiltering" name="test_decision_prompt_exists" time="0.002" /><testcase classname="tests.unit.test_memory_enhancements.TestTransientFiltering" name="test_decision_prompt_focuses_on_technical_outcomes" time="0.003" /><testcase classname="tests.unit.test_memory_enhancements.TestBroadcastProactiveResult" name="test_scheduled_result_broadcasts_assistant_message" time="0.005" /><testcase classname="tests.unit.test_memory_enhancements.TestBroadcastProactiveResult" name="test_scheduled_error_broadcasts_warning" time="0.005" /><testcase classname="tests.unit.test_memory_enhancements.TestBroadcastProactiveResult" name="test_unknown_type_does_not_broadcast" time="0.004" /><testcase classname="tests.unit.test_memory_enhancements.TestCommandsListCompleteness" name="test_memory_commands_listed" time="0.003" /><testcase classname="tests.unit.test_memory_enhancements.TestCommandsListCompleteness" name="test_multi_commands_listed" time="0.003" /><testcase classname="tests.unit.test_memory_enhancements.TestCommandsListCompleteness" name="test_metrics_command_listed" time="0.003" /><testcase classname="tests.unit.test_memory_enhancements.TestCommandsListCompleteness" name="test_routing_command_listed" time="0.003" /><testcase classname="tests.unit.test_memory_enhancements.TestCommandsListCompleteness" name="test_sync_command_listed" time="0.003" /><testcase classname="tests.unit.test_memory_enhancements.TestCommandsListCompleteness" name="test_no_duplicate_command_prefixes" time="0.003" /><testcase classname="tests.unit.test_memory_enhancements.TestSearchQueryGeneration" name="test_confidence_check_prompt_forbids_year_injection" time="0.004" /><testcase classname="tests.unit.test_memory_enhancements.TestSearchQueryGeneration" name="test_date_note_forbids_year_injection" time="0.005" /><testcase classname="tests.unit.test_memory_enhancements.TestNotificationSystemJS" name="test_notif_iife_present" time="0.003"><skipped type="pytest.skip" message="index.js not found — skipping JS canary tests">/mnt/c/Users/Michael/PycharmProjects/mcp-platform/tests/unit/test_memory_enhancements.py:319: index.js not found — skipping JS canary tests</skipped></testcase><testcase classname="tests.unit.test_memory_enhancements.TestNotificationSystemJS" name="test_notify_always_flashes_title" time="0.003"><skipped type="pytest.skip" message="index.js not found — skipping JS canary tests">/mnt/c/Users/Michael/PycharmProjects/mcp-platform/tests/unit/test_memory_enhancements.py:319: index.js not found — skipping JS canary tests</skipped></testcase><testcase classname="tests.unit.test_memory_enhancements.TestNotificationSystemJS" name="test_notify_fires_native_if_available" time="0.004"><skipped type="pytest.skip" message="index.js not found — skipping JS canary tests">/mnt/c/Users/Michael/PycharmProjects/mcp-platform/tests/unit/test_memory_enhancements.py:319: index.js not found — skipping JS canary tests</skipped></testcase><testcase classname="tests.unit.test_memory_enhancements.TestNotificationSystemJS" name="test_default_notifications_off" time="0.003"><skipped type="pytest.skip" message="index.js not found — skipping JS canary tests">/mnt/c/Users/Michael/PycharmProjects/mcp-platform/tests/unit/test_memory_enhancements.py:319: index.js not found — skipping JS canary tests</skipped></testcase><testcase classname="tests.unit.test_memory_enhancements.TestNotificationSystemJS" name="test_permission_requested_on_toggle_not_init" time="0.004"><skipped type="pytest.skip" message="index.js not found — skipping JS canary tests">/mnt/c/Users/Michael/PycharmProjects/mcp-platform/tests/unit/test_memory_enhancements.py:319: index.js not found — skipping JS canary tests</skipped></testcase><testcase classname="tests.unit.test_metrics.TestTraceIds" name="test_new_trace_returns_uuid_string" time="0.003" /><testcase classname="tests.unit.test_metrics.TestTraceIds" name="test_get_trace_returns_current" time="0.003" /><testcase classname="tests.unit.test_metrics.TestTraceIds" name="test_get_trace_default_is_empty" time="0.003" /><testcase classname="tests.unit.test_metrics.TestTraceIds" name="test_new_trace_each_call_unique" time="0.003" /><testcase classname="tests.unit.test_metrics.TestFailureKind" name="test_all_failure_kinds_exist" time="0.003" /><testcase classname="tests.unit.test_metrics.TestFailureKind" name="test_mcp_tool_error_carries_kind" time="0.003" /><testcase classname="tests.unit.test_metrics.TestFailureKind" name="test_mcp_tool_error_default_detail" time="0.003" /><testcase classname="tests.unit.test_metrics.TestFailureKind" name="test_mcp_tool_error_is_exception" time="0.003" /><testcase classname="tests.unit.test_metrics.TestJsonFormatter" name="test_output_is_valid_json" time="0.003" /><testcase classname="tests.unit.test_metrics.TestJsonFormatter" name="test_output_has_required_fields" time="0.003" /><testcase classname="tests.unit.test_metrics.TestJsonFormatter" name="test_message_content_preserved" time="0.003" /><testcase classname="tests.unit.test_metrics.TestJsonFormatter" name="test_level_name_correct" time="0.003" /><testcase classname="tests.unit.test_metrics.TestJsonFormatter" name="test_trace_id_included" time="0.003" /><testcase classname="tests.unit.test_metrics.TestJsonFormatter" name="test_exc_info_included" time="0.007" /><testcase classname="tests.unit.test_metrics.TestStructuredLogger" name="test_log_outputs_valid_json" time="0.003" /><testcase classname="tests.unit.test_metrics.TestStructuredLogger" name="test_info_convenience" time="0.003" /><testcase classname="tests.unit.test_metrics.TestStructuredLogger" name="test_warn_convenience" time="0.003" /><testcase classname="tests.unit.test_metrics.TestStructuredLogger" name="test_error_convenience" time="0.003" /><testcase classname="tests.unit.test_metrics.TestPercentiles" name="test_empty_returns_zeros" time="0.003" /><testcase classname="tests.unit.test_metrics.TestPercentiles" name="test_single_value" time="0.002" /><testcase classname="tests.unit.test_metrics.TestPercentiles" name="test_percentiles_ordered" time="0.003" /><testcase classname="tests.unit.test_metrics.TestPercentiles" name="test_p50_is_median" time="0.003" /><testcase classname="tests.unit.test_metrics.TestPercentiles" name="test_returns_rounded_values" time="0.003" /><testcase classname="tests.unit.test_metrics.TestHistogram" name="test_empty_returns_zero_counts" time="0.003" /><testcase classname="tests.unit.test_metrics.TestHistogram" name="test_all_buckets_present" time="0.003" /><testcase classname="tests.unit.test_metrics.TestHistogram" name="test_fast_request_in_first_bucket" time="0.003" /><testcase classname="tests.unit.test_metrics.TestHistogram" name="test_slow_request_in_last_bucket" time="0.003" /><testcase classname="tests.unit.test_metrics.TestHistogram" name="test_multiple_buckets" time="0.003" /><testcase classname="tests.unit.test_metrics.TestWindowed" name="test_returns_durations_only" time="0.003" /><testcase classname="tests.unit.test_metrics.TestWindowed" name="test_respects_window_size" time="0.003" /><testcase classname="tests.unit.test_metrics.TestWindowed" name="test_empty_returns_empty" time="0.003" /><testcase classname="tests.unit.test_metrics.TestResetMetrics" name="test_reset_clears_counters" time="0.003" /><testcase classname="tests.unit.test_metrics.TestResetMetrics" name="test_reset_clears_tool_data" time="0.002" /><testcase classname="tests.unit.test_metrics.TestResetMetrics" name="test_reset_preserves_dict_reference" time="0.003" /><testcase classname="tests.unit.test_metrics.TestPrepareMetrics" name="test_returns_expected_top_level_keys" time="0.003" /><testcase classname="tests.unit.test_metrics.TestPrepareMetrics" name="test_empty_metrics_returns_zeros" time="0.003" /><testcase classname="tests.unit.test_metrics.TestPrepareMetrics" name="test_agent_runs_counted" time="0.003" /><testcase classname="tests.unit.test_metrics.TestPrepareMetrics" name="test_tool_stats_included" time="0.003" /><testcase classname="tests.unit.test_metrics.TestPrepareMetrics" name="test_histogram_in_agent_stats" time="0.003" /><testcase classname="tests.unit.test_metrics.TestPrepareMetrics" name="test_percentiles_in_output" time="0.003" /><testcase classname="tests.unit.test_metrics.TestPrepareMetrics" name="test_failure_kinds_included" time="0.003" /><testcase classname="tests.unit.test_models.TestOllamaModels" name="test_get_ollama_models_success" time="0.004" /><testcase classname="tests.unit.test_models.TestOllamaModels" name="test_get_ollama_models_not_running" time="0.003" /><testcase classname="tests.unit.test_models.TestOllamaModels" name="test_switch_model_ollama_to_ollama" time="0.007" /><testcase classname="tests.unit.test_models.TestOllamaModels" name="test_detect_backend_ollama" time="0.003" /><testcase classname="tests.unit.test_models.TestOllamaModels" name="test_detect_backend_gguf" time="0.003" /><testcase classname="tests.unit.test_models.TestOllamaModels" name="test_detect_backend_not_found" time="0.004" /><testcase classname="tests.unit.test_models.TestGGUFModels" name="test_get_all_models_combined" time="0.004" /><testcase classname="tests.unit.test_models.TestGGUFModels" name="test_model_fallback_ollama_to_gguf" time="0.004" /><testcase classname="tests.unit.test_models.TestModelPersistence" name="test_save_and_load_last_model" time="0.004" /><testcase classname="tests.unit.test_models.TestModelPersistence" name="test_load_last_model_not_exists" time="0.004" /><testcase classname="tests.unit.test_models.TestModelPersistence" name="test_save_overwrites_existing_file" time="0.004" /><testcase classname="tests.unit.test_models.TestModelPersistence" name="test_saved_file_contains_exact_model_name" time="0.004" /><testcase classname="tests.unit.test_models.TestModelPersistence" name="test_load_strips_whitespace" time="0.003" /><testcase classname="tests.unit.test_models.TestModelPersistence" name="test_load_empty_file_returns_none_or_empty" time="0.004" /><testcase classname="tests.unit.test_models.TestModelPersistence" name="test_save_creates_file_if_not_exists" time="0.004" /><testcase classname="tests.unit.test_models.TestModelPersistence" name="test_roundtrip_gguf_model_name" time="0.004" /><testcase classname="tests.unit.test_models.TestModelPersistence" name="test_switch_model_saves_last_model" time="0.007" /><testcase classname="tests.unit.test_overflow_ingestion.TestWindowSlicing" name="test_overflow_turns_computed_correctly" time="0.004" /><testcase classname="tests.unit.test_overflow_ingestion.TestWindowSlicing" name="test_no_overflow_when_within_window" time="0.003" /><testcase classname="tests.unit.test_overflow_ingestion.TestWindowSlicing" name="test_exactly_at_window_produces_no_overflow" time="0.004" /><testcase classname="tests.unit.test_overflow_ingestion.TestWindowSlicing" name="test_llm_sees_only_window_messages" time="0.003" /><testcase classname="tests.unit.test_overflow_ingestion.TestWindowSlicing" name="test_llm_sees_most_recent_messages" time="0.004" /><testcase classname="tests.unit.test_overflow_ingestion.TestWindowSlicing" name="test_overflow_contains_oldest_messages" time="0.003" /><testcase classname="tests.unit.test_overflow_ingestion.TestWindowSlicing" name="test_window_env_var_respected" time="0.005" /><testcase classname="tests.unit.test_overflow_ingestion.TestOverflowIngestion" name="test_overflow_chunks_contain_user_and_assistant" time="0.004" /><testcase classname="tests.unit.test_overflow_ingestion.TestOverflowIngestion" name="test_overflow_chunk_count_matches_overflow_pairs" time="0.004" /><testcase classname="tests.unit.test_overflow_ingestion.TestOverflowIngestion" name="test_no_overflow_chunks_within_window" time="0.003" /><testcase classname="tests.unit.test_overflow_ingestion.TestOverflowIngestion" name="test_overflow_chunk_format" time="0.003" /><testcase classname="tests.unit.test_overflow_ingestion.TestOverflowIngestion" name="test_source_tagged_with_session_id" time="0.003" /><testcase classname="tests.unit.test_overflow_ingestion.TestOverflowIngestion" name="test_orphan_human_message_ingested_alone" time="0.004" /><testcase classname="tests.unit.test_overflow_ingestion.TestLLMContextAssembly" name="test_system_message_always_first" time="0.003" /><testcase classname="tests.unit.test_overflow_ingestion.TestLLMContextAssembly" name="test_rag_context_injected_between_system_and_history" time="0.003" /><testcase classname="tests.unit.test_overflow_ingestion.TestLLMContextAssembly" name="test_total_context_size_with_rag" time="0.004" /><testcase classname="tests.unit.test_overflow_ingestion.TestLLMContextAssembly" name="test_no_rag_when_empty_results" time="0.003" /><testcase classname="tests.unit.test_overflow_ingestion.TestLLMContextAssembly" name="test_window_15_recommended_value" time="0.004" /><testcase classname="tests.unit.test_overflow_ingestion.TestLLMContextAssembly" name="test_window_6_causes_overflow_at_4_turns" time="0.004" /><testcase classname="tests.unit.test_overflow_ingestion.TestAutoRAGRetrieval" name="test_rag_results_formatted_as_bullet_list" time="0.004" /><testcase classname="tests.unit.test_overflow_ingestion.TestAutoRAGRetrieval" name="test_empty_rag_results_produce_no_context_message" time="0.003" /><testcase classname="tests.unit.test_overflow_ingestion.TestAutoRAGRetrieval" name="test_rag_capped_at_5_results" time="0.003" /><testcase classname="tests.unit.test_overflow_ingestion.TestAutoRAGRetrieval" name="test_rag_result_with_empty_text_skipped" time="0.003" /><testcase classname="tests.unit.test_overflow_ingestion.TestAutoRAGRetrieval" name="test_specific_query_surfaces_relevant_chunk" time="0.003" /><testcase classname="tests.unit.test_query_patterns.TestQueryIntent" name="test_default_values" time="0.003" /><testcase classname="tests.unit.test_query_patterns.TestQueryIntent" name="test_custom_values" time="0.003" /><testcase classname="tests.unit.test_query_patterns.TestClassifyConversational" name="test_yes_is_conversational" time="0.003" /><testcase classname="tests.unit.test_query_patterns.TestClassifyConversational" name="test_thanks_is_conversational" time="0.003" /><testcase classname="tests.unit.test_query_patterns.TestClassifyConversational" name="test_i_like_is_conversational" time="0.003" /><testcase classname="tests.unit.test_query_patterns.TestClassifyConversational" name="test_write_poem_is_conversational" time="0.003" /><testcase classname="tests.unit.test_query_patterns.TestClassifyConversational" name="test_conversational_has_no_tools" time="0.003" /><testcase classname="tests.unit.test_query_patterns.TestClassifyIntentMatching" name="test_weather_query_matches" time="0.003" /><testcase classname="tests.unit.test_query_patterns.TestClassifyIntentMatching" name="test_weather_has_tools" time="0.003" /><testcase classname="tests.unit.test_query_patterns.TestClassifyIntentMatching" name="test_plex_query_matches" time="0.003" /><testcase classname="tests.unit.test_query_patterns.TestClassifyIntentMatching" name="test_code_query_matches" time="0.004" /><testcase classname="tests.unit.test_query_patterns.TestClassifyIntentMatching" name="test_general_query_no_match" time="0.003" /><testcase classname="tests.unit.test_query_patterns.TestClassifyIntentMatching" name="test_general_query_no_web_search" time="0.003" /><testcase classname="tests.unit.test_query_patterns.TestClassifyExplicitTool" name="test_explicit_tool_name_detected" time="0.003" /><testcase classname="tests.unit.test_query_patterns.TestClassifyExplicitTool" name="test_no_tool_names_skips_explicit" time="0.003" /><testcase classname="tests.unit.test_query_patterns.TestClassifyExplicitTool" name="test_explicit_tool_not_needs_web_search" time="0.003" /><testcase classname="tests.unit.test_query_patterns.TestLegacyShims" name="test_needs_tools_true_for_weather" time="0.003" /><testcase classname="tests.unit.test_query_patterns.TestLegacyShims" name="test_needs_tools_false_for_conversational" time="0.003" /><testcase classname="tests.unit.test_query_patterns.TestLegacyShims" name="test_needs_tools_false_for_general" time="0.003" /><testcase classname="tests.unit.test_query_patterns.TestLegacyShims" name="test_is_general_knowledge_true" time="0.003" /><testcase classname="tests.unit.test_query_patterns.TestLegacyShims" name="test_is_general_knowledge_false_for_weather" time="0.003" /><testcase classname="tests.unit.test_query_patterns.TestLegacyShims" name="test_is_general_knowledge_false_for_conversational" time="0.003" /><testcase classname="tests.unit.test_query_patterns.TestIntentCatalogStructure" name="test_catalog_not_empty" time="0.003" /><testcase classname="tests.unit.test_query_patterns.TestIntentCatalogStructure" name="test_all_entries_have_required_fields" time="0.003" /><testcase classname="tests.unit.test_query_patterns.TestIntentCatalogStructure" name="test_tools_are_lists" time="0.003" /><testcase classname="tests.unit.test_query_patterns.TestIntentCatalogStructure" name="test_priorities_are_integers" time="0.003" /><testcase classname="tests.unit.test_query_patterns.TestIntentCatalogStructure" name="test_web_search_is_bool" time="0.003" /><testcase classname="tests.unit.test_query_patterns.TestIntentCatalogStructure" name="test_no_duplicate_names" time="0.003" /><testcase classname="tests.unit.test_query_patterns.TestIntentCatalogStructure" name="test_priority_range_valid" time="0.003" /><testcase classname="tests.unit.test_query_patterns.TestIntentCatalogStructure" name="test_plex_priority_lower_than_ml" time="0.003" /><testcase classname="tests.unit.test_query_patterns.TestIntentCatalogStructure" name="test_patterns_compile_without_error" time="0.019" /><testcase classname="tests.unit.test_query_patterns_extended.TestRegisterToolMeta" name="test_register_appends_to_dynamic" time="0.003" /><testcase classname="tests.unit.test_query_patterns_extended.TestRegisterToolMeta" name="test_register_stores_all_fields" time="0.003" /><testcase classname="tests.unit.test_query_patterns_extended.TestRegisterToolMeta" name="test_build_catalog_no_dynamic_returns_static" time="0.003" /><testcase classname="tests.unit.test_query_patterns_extended.TestRegisterToolMeta" name="test_build_catalog_with_dynamic_entry" time="0.004" /><testcase classname="tests.unit.test_query_patterns_extended.TestRegisterToolMeta" name="test_build_catalog_skips_static_tools" time="0.003" /><testcase classname="tests.unit.test_query_patterns_extended.TestRegisterToolMeta" name="test_build_catalog_groups_same_category" time="0.004" /><testcase classname="tests.unit.test_query_patterns_extended.TestRegisterToolMeta" name="test_build_catalog_combines_triggers_into_pattern" time="0.003" /><testcase classname="tests.unit.test_query_patterns_extended.TestRegisterToolMeta" name="test_invalidate_catalog_forces_rebuild" time="0.004" /><testcase classname="tests.unit.test_query_patterns_extended.TestRegisterToolMeta" name="test_classify_uses_dynamic_registration" time="0.003" /><testcase classname="tests.unit.test_query_patterns_extended.TestRouterPatterns" name="test_router_ingest_command_matches" time="0.003" /><testcase classname="tests.unit.test_query_patterns_extended.TestRouterPatterns" name="test_router_ingest_command_no_match" time="0.003" /><testcase classname="tests.unit.test_query_patterns_extended.TestRouterPatterns" name="test_router_status_query_matches" time="0.003" /><testcase classname="tests.unit.test_query_patterns_extended.TestRouterPatterns" name="test_router_multi_step_matches" time="0.003" /><testcase classname="tests.unit.test_query_patterns_extended.TestRouterPatterns" name="test_router_one_time_ingest_matches" time="0.003" /><testcase classname="tests.unit.test_query_patterns_extended.TestRouterPatterns" name="test_router_explicit_rag_matches" time="0.003" /><testcase classname="tests.unit.test_query_patterns_extended.TestRouterPatterns" name="test_router_knowledge_query_matches" time="0.003" /><testcase classname="tests.unit.test_query_patterns_extended.TestRouterPatterns" name="test_router_exclude_media_matches" time="0.003" /><testcase classname="tests.unit.test_query_patterns_extended.TestExtractResearchSources" name="test_using_as_source" time="0.003" /><testcase classname="tests.unit.test_query_patterns_extended.TestExtractResearchSources" name="test_using_multiple_sources" time="0.003" /><testcase classname="tests.unit.test_query_patterns_extended.TestExtractResearchSources" name="test_based_on_source" time="0.003" /><testcase classname="tests.unit.test_query_patterns_extended.TestExtractResearchSources" name="test_url_extraction" time="0.003" /><testcase classname="tests.unit.test_query_patterns_extended.TestExtractResearchSources" name="test_image_urls_excluded" time="0.003" /><testcase classname="tests.unit.test_query_patterns_extended.TestExtractResearchSources" name="test_empty_string" time="0.003" /><testcase classname="tests.unit.test_query_patterns_extended.TestExtractResearchSources" name="test_no_sources" time="0.002" /><testcase classname="tests.unit.test_query_patterns_extended.TestSearchPatterns" name="test_web_search_explicit_matches" time="0.003" /><testcase classname="tests.unit.test_query_patterns_extended.TestSearchPatterns" name="test_web_search_explicit_no_match" time="0.003" /><testcase classname="tests.unit.test_query_patterns_extended.TestSearchPatterns" name="test_ollama_search_pattern_matches" time="0.003" /><testcase classname="tests.unit.test_query_patterns_extended.TestSearchPatterns" name="test_ollama_search_no_match" time="0.003" /><testcase classname="tests.unit.test_search_client.TestSearchClientInit" name="test_is_available_with_key" time="0.003" /><testcase classname="tests.unit.test_search_client.TestSearchClientInit" name="test_is_not_available_without_key" time="0.003" /><testcase classname="tests.unit.test_search_client.TestSearchClientInit" name="test_reads_api_key_from_env" time="0.003" /><testcase classname="tests.unit.test_search_client.TestSearchClientInit" name="test_explicit_key_overrides_env" time="0.003" /><testcase classname="tests.unit.test_search_client.TestSearchClientHelpers" name="test_headers_include_auth" time="0.003" /><testcase classname="tests.unit.test_search_client.TestSearchClientHelpers" name="test_check_status_200_returns_none" time="0.003" /><testcase classname="tests.unit.test_search_client.TestSearchClientHelpers" name="test_check_status_401_returns_error" time="0.003" /><testcase classname="tests.unit.test_search_client.TestSearchClientHelpers" name="test_check_status_429_returns_rate_limit" time="0.004" /><testcase classname="tests.unit.test_search_client.TestSearchClientHelpers" name="test_check_status_500_returns_error" time="0.003" /><testcase classname="tests.unit.test_search_client.TestSearchClientSearch" name="test_search_no_api_key" time="0.003" /><testcase classname="tests.unit.test_search_client.TestSearchClientSearch" name="test_search_success" time="0.005" /><testcase classname="tests.unit.test_search_client.TestSearchClientSearch" name="test_search_normalises_to_bing_format" time="0.005" /><testcase classname="tests.unit.test_search_client.TestSearchClientSearch" name="test_search_auth_error" time="0.005" /><testcase classname="tests.unit.test_search_client.TestSearchClientSearch" name="test_search_timeout" time="0.005" /><testcase classname="tests.unit.test_search_client.TestSearchClientSearch" name="test_search_http_error" time="0.005" /><testcase classname="tests.unit.test_search_client.TestSearchClientSearch" name="test_search_unexpected_error" time="0.005" /><testcase classname="tests.unit.test_search_client.TestSearchClientSearch" name="test_search_max_results_capped_at_10" time="0.005" /><testcase classname="tests.unit.test_search_client.TestSearchClientFetchUrl" name="test_fetch_no_api_key" time="0.004" /><testcase classname="tests.unit.test_search_client.TestSearchClientFetchUrl" name="test_fetch_success" time="0.005" /><testcase classname="tests.unit.test_search_client.TestSearchClientFetchUrl" name="test_fetch_empty_content" time="0.005" /><testcase classname="tests.unit.test_search_client.TestSearchClientFetchUrl" name="test_fetch_truncates_large_content" time="0.005" /><testcase classname="tests.unit.test_search_client.TestSearchClientFetchUrl" name="test_fetch_timeout" time="0.006" /><testcase classname="tests.unit.test_search_client.TestGetSearchClient" name="test_returns_search_client_instance" time="0.003" /><testcase classname="tests.unit.test_search_client.TestGetSearchClient" name="test_returns_same_instance" time="0.003" /><testcase classname="tests.unit.test_session_history_tool.TestSessionHistoryToolBasic" name="test_returns_json_string" time="0.650" /><testcase classname="tests.unit.test_session_history_tool.TestSessionHistoryToolBasic" name="test_returns_correct_session_id" time="0.018" /><testcase classname="tests.unit.test_session_history_tool.TestSessionHistoryToolBasic" name="test_returns_session_name" time="0.018" /><testcase classname="tests.unit.test_session_history_tool.TestSessionHistoryToolBasic" name="test_returns_messages_list" time="0.019" /><testcase classname="tests.unit.test_session_history_tool.TestSessionHistoryToolBasic" name="test_messages_have_required_fields" time="0.023" /><testcase classname="tests.unit.test_session_history_tool.TestSessionHistoryToolBasic" name="test_first_user_prompt_convenience_field" time="0.018" /><testcase classname="tests.unit.test_session_history_tool.TestSessionHistoryToolBasic" name="test_last_user_prompt_convenience_field" time="0.017" /><testcase classname="tests.unit.test_session_history_tool.TestSessionHistoryOrdering" name="test_asc_order_oldest_first" time="0.017" /><testcase classname="tests.unit.test_session_history_tool.TestSessionHistoryOrdering" name="test_desc_order_newest_first" time="0.017" /><testcase classname="tests.unit.test_session_history_tool.TestSessionHistoryOrdering" name="test_limit_respected" time="0.017" /><testcase classname="tests.unit.test_session_history_tool.TestSessionHistoryOrdering" name="test_limit_larger_than_history" time="0.018" /><testcase classname="tests.unit.test_session_history_tool.TestSessionHistoryOrdering" name="test_different_session_returns_own_messages" time="0.018" /><testcase classname="tests.unit.test_session_history_tool.TestSessionHistoryToolErrors" name="test_missing_session_id_raises" time="0.019" /><testcase classname="tests.unit.test_session_history_tool.TestSessionHistoryToolErrors" name="test_nonexistent_session_raises" time="0.018" /><testcase classname="tests.unit.test_session_history_tool.TestSessionHistoryToolErrors" name="test_non_integer_session_id_raises" time="0.018" /><testcase classname="tests.unit.test_session_history_tool.TestSessionHistoryToolErrors" name="test_invalid_order_raises" time="0.017" /><testcase classname="tests.unit.test_session_history_tool.TestSessionHistoryToolErrors" name="test_limit_zero_raises" time="0.019" /><testcase classname="tests.unit.test_session_history_tool.TestSessionHistoryToolErrors" name="test_invalid_limit_raises" time="0.020" /><testcase classname="tests.unit.test_session_history_tool.TestSessionHistoryToolContent" name="test_roles_are_valid" time="0.018" /><testcase classname="tests.unit.test_session_history_tool.TestSessionHistoryToolContent" name="test_index_is_sequential" time="0.020" /><testcase classname="tests.unit.test_session_history_tool.TestSessionHistoryToolContent" name="test_model_field_present_on_assistant" time="0.017" /><testcase classname="tests.unit.test_session_history_tool.TestSessionHistoryToolContent" name="test_model_unknown_for_user_messages" time="0.017" /><testcase classname="tests.unit.test_session_history_tool.TestSessionHistoryToolContent" name="test_sessions_are_isolated" time="0.018" /><testcase classname="tests.unit.test_session_manager.TestSessionManager" name="test_create_session" time="0.048" /><testcase classname="tests.unit.test_session_manager.TestSessionManager" name="test_add_message" time="0.061" /><testcase classname="tests.unit.test_session_manager.TestSessionManager" name="test_message_history_limit" time="0.118" /><testcase classname="tests.unit.test_session_manager.TestSessionManager" name="test_delete_session" time="0.078" /><testcase classname="tests.unit.test_session_manager.TestSessionManager" name="test_get_all_sessions" time="0.072" /><testcase classname="tests.unit.test_session_manager.TestSessionManager" name="test_cross_session_context" time="0.077" /><testcase classname="tests.unit.test_session_manager.TestSessionManagerEdgeCases" name="test_nonexistent_session" time="0.042" /><testcase classname="tests.unit.test_session_manager.TestSessionManagerEdgeCases" name="test_empty_session" time="0.047" /><testcase classname="tests.unit.test_session_manager_extended.TestSettings" name="test_get_setting_default" time="0.046" /><testcase classname="tests.unit.test_session_manager_extended.TestSettings" name="test_get_setting_default_none" time="0.047" /><testcase classname="tests.unit.test_session_manager_extended.TestSettings" name="test_set_and_get_setting" time="0.046" /><testcase classname="tests.unit.test_session_manager_extended.TestSettings" name="test_set_setting_upsert" time="0.049" /><testcase classname="tests.unit.test_session_manager_extended.TestSettings" name="test_multiple_settings_independent" time="0.055" /><testcase classname="tests.unit.test_session_manager_extended.TestChunkStorage" name="test_store_chunk_returns_id" time="0.047" /><testcase classname="tests.unit.test_session_manager_extended.TestChunkStorage" name="test_get_chunk_by_id" time="0.045" /><testcase classname="tests.unit.test_session_manager_extended.TestChunkStorage" name="test_get_chunk_missing_returns_none" time="0.041" /><testcase classname="tests.unit.test_session_manager_extended.TestChunkStorage" name="test_get_chunks_by_source" time="0.059" /><testcase classname="tests.unit.test_session_manager_extended.TestChunkStorage" name="test_get_chunks_by_source_empty" time="0.043" /><testcase classname="tests.unit.test_session_manager_extended.TestChunkStorage" name="test_delete_chunks_by_source" time="0.054" /><testcase classname="tests.unit.test_session_manager_extended.TestChunkStorage" name="test_delete_all_chunks" time="0.053" /><testcase classname="tests.unit.test_session_manager_extended.TestChunkStorage" name="test_chunks_ordered_by_id" time="0.060" /><testcase classname="tests.unit.test_session_manager_extended.TestSearchMessages" name="test_search_finds_matching_message" time="0.052" /><testcase classname="tests.unit.test_session_manager_extended.TestSearchMessages" name="test_search_no_match" time="0.051" /><testcase classname="tests.unit.test_session_manager_extended.TestSearchMessages" name="test_search_returns_session_name" time="0.057" /><testcase classname="tests.unit.test_session_manager_extended.TestSearchMessages" name="test_search_respects_limit" time="0.088" /><testcase classname="tests.unit.test_session_manager_extended.TestPinSession" name="test_pin_session" time="0.051" /><testcase classname="tests.unit.test_session_manager_extended.TestPinSession" name="test_unpin_session" time="0.060" /><testcase classname="tests.unit.test_session_manager_extended.TestPinSession" name="test_pinned_sessions_first_in_get_all" time="0.053" /><testcase classname="tests.unit.test_session_manager_extended.TestGetMessageById" name="test_get_message_by_id_found" time="0.050" /><testcase classname="tests.unit.test_session_manager_extended.TestGetMessageById" name="test_get_message_by_id_not_found" time="0.043" /><testcase classname="tests.unit.test_session_manager_extended.TestGetMessageById" name="test_get_message_by_id_includes_model" time="0.056" /><testcase classname="tests.unit.test_session_manager_extended.TestMessageImageSource" name="test_set_image_url_retrieved_on_load" time="0.054" /><testcase classname="tests.unit.test_session_manager_extended.TestMessageImageSource" name="test_set_local_image_encoded_on_load" time="0.057" /><testcase classname="tests.unit.test_session_manager_extended.TestMiscSessionManager" name="test_is_first_session_true" time="0.047" /><testcase classname="tests.unit.test_session_manager_extended.TestMiscSessionManager" name="test_is_first_session_false_after_two" time="0.050" /><testcase classname="tests.unit.test_session_manager_extended.TestMiscSessionManager" name="test_base64_stripped_from_message" time="0.051" /><testcase classname="tests.unit.test_session_manager_extended.TestMiscSessionManager" name="test_get_all_sessions_includes_pinned_field" time="0.047" /><testcase classname="tests.unit.test_session_manager_extended.TestMiscSessionManager" name="test_add_message_auto_creates_session" time="0.076" /><testcase classname="tests.unit.test_utils_extended.TestGetPublicIp" name="test_returns_ip_string_on_success" time="0.004" /><testcase classname="tests.unit.test_utils_extended.TestGetPublicIp" name="test_returns_none_on_failure" time="0.004" /><testcase classname="tests.unit.test_utils_extended.TestGetVenvPython" name="test_finds_venv_wsl_fallback" time="0.005" /><testcase classname="tests.unit.test_utils_extended.TestGetVenvPython" name="test_raises_when_neither_venv_exists" time="0.004" /><testcase classname="tests.unit.test_utils_extended.TestGetVenvPython" name="test_windows_checks_scripts_path" time="0.005" /><testcase classname="tests.unit.test_utils_extended.TestOpenBrowserFile" name="test_wsl_uses_cmd_exe" time="0.004" /><testcase classname="tests.unit.test_utils_extended.TestOpenBrowserFile" name="test_non_wsl_uses_webbrowser" time="0.005" /><testcase classname="tests.unit.test_utils_extended.TestOpenBrowserFile" name="test_wsl_path_converted_to_windows" time="0.004" /><testcase classname="tests.unit.test_utils_extended.TestOpenBrowserUrl" name="test_wsl_uses_cmd_exe" time="0.004" /><testcase classname="tests.unit.test_utils_extended.TestOpenBrowserUrl" name="test_non_wsl_uses_webbrowser" time="0.004" /><testcase classname="tests.unit.test_websocket_extended.TestHistoryQuestionPatterns" name="test_last_prompt_answered_directly" time="0.008" /><testcase classname="tests.unit.test_websocket_extended.TestHistoryQuestionPatterns" name="test_previous_prompt_answered" time="0.006" /><testcase classname="tests.unit.test_websocket_extended.TestHistoryQuestionPatterns" name="test_your_response_answered_directly" time="0.006" /><testcase classname="tests.unit.test_websocket_extended.TestHistoryQuestionPatterns" name="test_your_last_response_answered" time="0.005" /><testcase classname="tests.unit.test_websocket_extended.TestHistoryQuestionPatterns" name="test_conversation_summary_answered" time="0.006" /><testcase classname="tests.unit.test_websocket_extended.TestHistoryQuestionPatterns" name="test_history_question_no_prior_message_falls_through" time="0.337" /><testcase classname="tests.unit.test_websocket_extended.TestHistoryQuestionPatterns" name="test_normal_query_calls_llm" time="0.299" /><testcase classname="tests.unit.test_websocket_extended.TestProcessingSessionsTracking" name="test_session_added_to_processing_during_query" time="0.322" /><testcase classname="tests.unit.test_websocket_extended.TestProcessingSessionsTracking" name="test_session_removed_from_processing_after_error" time="0.282" /><testcase classname="tests.unit.test_websocket_extended.TestCompleteMessageSent" name="test_complete_sent_after_successful_query" time="0.285" /><testcase classname="tests.unit.test_websocket_extended.TestCompleteMessageSent" name="test_assistant_message_sent_with_model" time="0.264" /><testcase classname="tests.unit.test_websocket_extended.TestStopDuringQuery" name="test_stop_flag_cleared_before_new_query" time="0.256" /></testsuite></testsuites>