<?xml version="1.0" encoding="utf-8"?><testsuites name="pytest tests"><testsuite name="pytest" errors="0" failures="0" skipped="0" tests="4" time="9.068" timestamp="2026-05-19T17:31:29.063227-07:00" hostname="DESKTOP-0197SH5"><testcase classname="tests.e2e.test_full_conversation.TestFullConversation" name="test_multi_turn_conversation_with_context" time="8.054" /><testcase classname="tests.e2e.test_full_conversation.TestFullConversation" name="test_history_question_does_not_call_llm" time="0.050" /><testcase classname="tests.e2e.test_full_conversation.TestFullConversation" name="test_session_persists_across_turns" time="0.509" /><testcase classname="tests.e2e.test_full_conversation.TestFullConversation" name="test_error_in_agent_sends_error_message" time="0.288" /></testsuite></testsuites>