<?xml version="1.0" encoding="utf-8"?><testsuites name="pytest tests"><testsuite name="pytest" errors="0" failures="0" skipped="5" tests="76" time="24.897" timestamp="2026-05-04T10:09:46.017705-07:00" hostname="DESKTOP-0197SH5"><testcase classname="tests.e2e.test_full_conversation.TestFullConversation" name="test_multi_turn_conversation_with_context" time="0.213" /><testcase classname="tests.integration.test_langgraph_agent.TestLangGraphAgent" name="test_agent_execution_with_tools" time="0.009" /><testcase classname="tests.integration.test_langgraph_agent.TestLangGraphAgent" name="test_context_window_overflow_recovery" time="0.035" /><testcase classname="tests.integration.test_websocket_flow.TestWebSocketFlow" name="test_user_message_flow" time="0.469" /><testcase classname="tests.integration.test_websocket_flow.TestWebSocketFlow" name="test_session_creation_on_first_message" time="0.059" /><testcase classname="tests.integration.test_websocket_flow.TestWebSocketFlow" name="test_history_question_workaround" time="0.007" /><testcase classname="tests.integration.test_websocket_flow.TestWebSocketFlow" name="test_error_handling" time="0.025" /><testcase classname="tests.unit.test_client_main.TestA2AEndpointParsingLogic" name="test_parse_single_endpoint_logic" time="0.001" /><testcase classname="tests.unit.test_client_main.TestA2AEndpointParsingLogic" name="test_parse_multiple_endpoints_logic" time="0.001" /><testcase classname="tests.unit.test_client_main.TestServerAutoDiscoveryLogic" name="test_discover_valid_servers" time="0.004" /><testcase classname="tests.unit.test_client_main.TestEnvironmentConfiguration" name="test_max_message_history_default" time="0.001" /><testcase classname="tests.unit.test_client_main.TestEnvironmentConfiguration" name="test_max_message_history_custom" time="0.001" /><testcase classname="tests.unit.test_client_main.TestEnvironmentConfiguration" name="test_llm_backend_selection" time="0.001" /><testcase classname="tests.unit.test_client_main.TestJSONExtractionLogic" name="test_extract_json_from_text_content" time="0.002" /><testcase classname="tests.unit.test_client_main.TestJSONExtractionLogic" name="test_handle_escaped_json" time="0.002" /><testcase classname="tests.unit.test_client_main.TestJSONExtractionLogic" name="test_extract_json_no_match" time="0.001" /><testcase classname="tests.unit.test_client_main.TestModelSelectionLogic" name="test_select_ollama_models" time="0.001" /><testcase classname="tests.unit.test_client_main.TestModelSelectionLogic" name="test_fallback_to_gguf_logic" time="0.001" /><testcase classname="tests.unit.test_client_main.TestModelSelectionLogic" name="test_no_models_available" time="0.001" /><testcase classname="tests.unit.test_client_main.TestPlexAutoTrainingLogic" name="test_skip_training_when_model_exists" time="0.002" /><testcase classname="tests.unit.test_client_main.TestPlexAutoTrainingLogic" name="test_train_when_model_missing" time="0.002" /><testcase classname="tests.unit.test_client_main.TestGlobalStateStructures" name="test_multi_agent_state_structure" time="0.001" /><testcase classname="tests.unit.test_client_main.TestGlobalStateStructures" name="test_a2a_state_structure" time="0.001" /><testcase classname="tests.unit.test_client_main.TestGlobalStateStructures" name="test_conversation_state_structure" time="0.001" /><testcase classname="tests.unit.test_client_main.TestMessageHandling" name="test_add_user_message" time="0.001" /><testcase classname="tests.unit.test_client_main.TestMessageHandling" name="test_add_ai_message" time="0.001" /><testcase classname="tests.unit.test_client_main.TestMessageHandling" name="test_conversation_flow" time="0.001" /><testcase classname="tests.unit.test_client_main.TestSystemPromptHandling" name="test_load_from_file" time="0.003" /><testcase classname="tests.unit.test_client_main.TestSystemPromptHandling" name="test_use_default_when_missing" time="0.002" /><testcase classname="tests.unit.test_client_main.TestSystemPromptHandling" name="test_append_history_awareness" time="0.001" /><testcase classname="tests.unit.test_client_main.TestToolCountTracking" name="test_count_local_tools" time="0.002" /><testcase classname="tests.unit.test_client_main.TestToolCountTracking" name="test_count_tools_after_a2a_registration" time="0.002" /><testcase classname="tests.unit.test_client_main.TestLoggingConfiguration" name="test_create_log_directory" time="0.003" /><testcase classname="tests.unit.test_client_main.TestLoggingConfiguration" name="test_log_file_paths" time="0.003" /><testcase classname="tests.unit.test_client_main.TestAsyncWorkflowPatterns" name="test_tool_binding_pattern" time="0.003" /><testcase classname="tests.unit.test_client_main.TestAsyncWorkflowPatterns" name="test_agent_execution_pattern" time="0.004" /><testcase classname="tests.unit.test_client_main.TestAsyncWorkflowPatterns" name="test_multi_agent_execution_pattern" time="0.003" /><testcase classname="tests.unit.test_code_review_tools.TestCodeReviewTools" name="test_review_code_valid_file" time="0.042" /><testcase classname="tests.unit.test_code_review_tools.TestCodeReviewTools" name="test_review_code_security_issues" time="0.004" /><testcase classname="tests.unit.test_code_review_tools.TestCodeReviewTools" name="test_summarize_code_file" time="0.005" /><testcase classname="tests.unit.test_code_review_tools.TestCodeReviewTools" name="test_file_not_found" time="0.002" /><testcase classname="tests.unit.test_code_review_tools.TestCodeReviewTools" name="test_scan_directory" time="0.192" /><testcase classname="tests.unit.test_code_review_tools.TestCodeReviewTools" name="test_search_code" time="0.028" /><testcase classname="tests.unit.test_code_review_tools.TestCodeReviewServerIntegration" name="test_review_code_tool" time="0.004" /><testcase classname="tests.unit.test_code_review_tools.TestCodeReviewEdgeCases" name="test_large_file_handling" time="0.003" /><testcase classname="tests.unit.test_code_review_tools.TestCodeReviewEdgeCases" name="test_binary_file_handling" time="0.002" /><testcase classname="tests.unit.test_code_review_tools.TestCodeReviewEdgeCases" name="test_empty_file" time="0.002" /><testcase classname="tests.unit.test_context_tracker.TestContextTracker" name="test_extract_project_path" time="0.430"><skipped type="pytest.skip" message="ContextTracker API not yet implemented">/mnt/c/Users/Michael/PycharmProjects/mcp-platform/tests/unit/test_context_tracker.py:9: ContextTracker API not yet implemented</skipped></testcase><testcase classname="tests.unit.test_context_tracker.TestContextTracker" name="test_no_context_in_empty_session" time="0.044"><skipped type="pytest.skip" message="ContextTracker API not yet implemented">/mnt/c/Users/Michael/PycharmProjects/mcp-platform/tests/unit/test_context_tracker.py:13: ContextTracker API not yet implemented</skipped></testcase><testcase classname="tests.unit.test_context_tracker.TestContextTracker" name="test_create_context_message" time="0.049"><skipped type="pytest.skip" message="ContextTracker API not yet implemented">/mnt/c/Users/Michael/PycharmProjects/mcp-platform/tests/unit/test_context_tracker.py:17: ContextTracker API not yet implemented</skipped></testcase><testcase classname="tests.unit.test_context_tracker.TestContextTracker" name="test_should_inject_context" time="0.043"><skipped type="pytest.skip" message="ContextTracker API not yet implemented">/mnt/c/Users/Michael/PycharmProjects/mcp-platform/tests/unit/test_context_tracker.py:21: ContextTracker API not yet implemented</skipped></testcase><testcase classname="tests.unit.test_context_tracker.TestContextIntegration" name="test_integrate_context_tracking" time="0.075"><skipped type="pytest.skip" message="integrate_context_tracking not yet implemented">/mnt/c/Users/Michael/PycharmProjects/mcp-platform/tests/unit/test_context_tracker.py:28: integrate_context_tracking not yet implemented</skipped></testcase><testcase classname="tests.unit.test_intent_patterns.TestIntentPatterns" name="test_weather_pattern" time="0.001" /><testcase classname="tests.unit.test_intent_patterns.TestIntentPatterns" name="test_code_assistant_pattern" time="0.001" /><testcase classname="tests.unit.test_intent_patterns.TestIntentPatterns" name="test_plex_search_priority" time="0.001" /><testcase classname="tests.unit.test_intent_patterns.TestIntentPatterns" name="test_pattern_priority_ordering" time="0.001" /><testcase classname="tests.unit.test_intent_patterns.TestIntentPatterns" name="test_all_entries_have_required_fields" time="0.001" /><testcase classname="tests.unit.test_intent_patterns.TestIntentPatterns" name="test_catalog_is_not_empty" time="0.001" /><testcase classname="tests.unit.test_models.TestOllamaModels" name="test_get_ollama_models_success" time="0.006" /><testcase classname="tests.unit.test_models.TestOllamaModels" name="test_get_ollama_models_not_running" time="0.001" /><testcase classname="tests.unit.test_models.TestOllamaModels" name="test_switch_model_ollama_to_ollama" time="0.012" /><testcase classname="tests.unit.test_models.TestOllamaModels" name="test_detect_backend_ollama" time="0.001" /><testcase classname="tests.unit.test_models.TestOllamaModels" name="test_detect_backend_gguf" time="0.004" /><testcase classname="tests.unit.test_models.TestOllamaModels" name="test_detect_backend_not_found" time="0.002" /><testcase classname="tests.unit.test_models.TestGGUFModels" name="test_get_all_models_combined" time="0.003" /><testcase classname="tests.unit.test_models.TestGGUFModels" name="test_model_fallback_ollama_to_gguf" time="0.003" /><testcase classname="tests.unit.test_models.TestModelPersistence" name="test_save_and_load_last_model" time="0.002" /><testcase classname="tests.unit.test_models.TestModelPersistence" name="test_load_last_model_not_exists" time="0.002" /><testcase classname="tests.unit.test_session_manager.TestSessionManager" name="test_create_session" time="0.053" /><testcase classname="tests.unit.test_session_manager.TestSessionManager" name="test_add_message" time="0.055" /><testcase classname="tests.unit.test_session_manager.TestSessionManager" name="test_message_history_limit" time="0.109" /><testcase classname="tests.unit.test_session_manager.TestSessionManager" name="test_delete_session" time="0.088" /><testcase classname="tests.unit.test_session_manager.TestSessionManager" name="test_get_all_sessions" time="0.077" /><testcase classname="tests.unit.test_session_manager.TestSessionManager" name="test_cross_session_context" time="0.079" /><testcase classname="tests.unit.test_session_manager.TestSessionManagerEdgeCases" name="test_nonexistent_session" time="0.047" /><testcase classname="tests.unit.test_session_manager.TestSessionManagerEdgeCases" name="test_empty_session" time="0.049" /></testsuite></testsuites>