<?xml version="1.0" encoding="utf-8"?><testsuites name="pytest tests"><testsuite name="pytest" errors="0" failures="0" skipped="0" tests="4" time="20.677" timestamp="2026-05-04T10:48:31.120286-07:00" hostname="DESKTOP-0197SH5"><testcase classname="tests.e2e.test_full_conversation.TestFullConversation" name="test_multi_turn_conversation_with_context" time="14.947" /><testcase classname="tests.e2e.test_full_conversation.TestFullConversation" name="test_history_question_does_not_call_llm" time="0.054" /><testcase classname="tests.e2e.test_full_conversation.TestFullConversation" name="test_session_persists_across_turns" time="0.068" /><testcase classname="tests.e2e.test_full_conversation.TestFullConversation" name="test_error_in_agent_sends_error_message" time="0.055" /></testsuite></testsuites>